<?xml version="1.0" encoding="UTF-8"?>
<Site BuildName="(empty)"
	BuildStamp="20241219-1055-Experimental"
	Name="(empty)"
	Generator="ctest-3.31.2"
	CompilerName=""
	CompilerVersion=""
	OSName="macOS"
	Hostname="mac"
	OSRelease="15.2"
	OSVersion="24C101"
	OSPlatform="arm64"
	Is64Bits="1"
	VendorString="Apple"
	VendorID="Apple"
	FamilyID="0"
	ModelID="0"
	ModelName="Apple M2"
	ProcessorCacheSize="131072"
	NumberOfLogicalCPU="8"
	NumberOfPhysicalCPU="8"
	TotalVirtualMemory="2048"
	TotalPhysicalMemory="8192"
	LogicalProcessorsPerPhysical="8"
	ProcessorClockFrequency="0"
	>
	<Testing>
		<StartDateTime>Dec 19 18:56 +08</StartDateTime>
		<StartTestTime>1734605815</StartTestTime>
		<TestList/>
		<EndDateTime>Dec 19 18:56 +08</EndDateTime>
		<EndTestTime>1734605815</EndTestTime>
		<ElapsedMinutes>0</ElapsedMinutes>
	</Testing>
</Site>
