Start testing: Dec 20 17:02 +08
----------------------------------------------------------
1/9 Testing: matrix_obj_test
1/9 Test: matrix_obj_test
Command: "/Users/yincheangng/worksapce/Github/MyAlgorithmicToolkit/build/matrix_obj_test"
Directory: /Users/yincheangng/worksapce/Github/MyAlgorithmicToolkit/build
"matrix_obj_test" start time: Dec 20 17:02 +08
Output:
----------------------------------------------------------
[==========] Running 10 tests from 1 test suite.
[----------] Global test environment set-up.
[----------] 10 tests from DenseObjTest
[ RUN      ] DenseObjTest.DefaultConstructor
[       OK ] DenseObjTest.DefaultConstructor (0 ms)
[ RUN      ] DenseObjTest.GetDimensions
[       OK ] DenseObjTest.GetDimensions (0 ms)
[ RUN      ] DenseObjTest.Addition
[       OK ] DenseObjTest.Addition (0 ms)
[ RUN      ] DenseObjTest.Subtraction
[       OK ] DenseObjTest.Subtraction (0 ms)
[ RUN      ] DenseObjTest.ScalarMultiplication
[       OK ] DenseObjTest.ScalarMultiplication (0 ms)
[ RUN      ] DenseObjTest.MatrixMultiplication
[       OK ] DenseObjTest.MatrixMultiplication (0 ms)
[ RUN      ] DenseObjTest.Transpose
[       OK ] DenseObjTest.Transpose (0 ms)
[ RUN      ] DenseObjTest.IncompatibleDimensionsMultiplication
[       OK ] DenseObjTest.IncompatibleDimensionsMultiplication (0 ms)
[ RUN      ] DenseObjTest.ElementAccess
[       OK ] DenseObjTest.ElementAccess (0 ms)
[ RUN      ] DenseObjTest.GetColumn
[       OK ] DenseObjTest.GetColumn (0 ms)
[----------] 10 tests from DenseObjTest (0 ms total)

[----------] Global test environment tear-down
[==========] 10 tests from 1 test suite ran. (0 ms total)
[  PASSED  ] 10 tests.
<end of output>
Test time =   0.00 sec
----------------------------------------------------------
Test Passed.
"matrix_obj_test" end time: Dec 20 17:02 +08
"matrix_obj_test" time elapsed: 00:00:00
----------------------------------------------------------

2/9 Testing: basic_test
2/9 Test: basic_test
Command: "/Users/yincheangng/worksapce/Github/MyAlgorithmicToolkit/build/basic_test"
Directory: /Users/yincheangng/worksapce/Github/MyAlgorithmicToolkit/build
"basic_test" start time: Dec 20 17:02 +08
Output:
----------------------------------------------------------
[==========] Running 8 tests from 1 test suite.
[----------] Global test environment set-up.
[----------] 8 tests from MyTest
[ RUN      ] MyTest.RayleighQuotientTest
[       OK ] MyTest.RayleighQuotientTest (0 ms)
[ RUN      ] MyTest.PowerIterTest
[       OK ] MyTest.PowerIterTest (0 ms)
[ RUN      ] MyTest.GramSchmidtTest
[       OK ] MyTest.GramSchmidtTest (0 ms)
[ RUN      ] MyTest.GenUnitVecTest
[       OK ] MyTest.GenUnitVecTest (0 ms)
[ RUN      ] MyTest.GenUnitMatTest
[       OK ] MyTest.GenUnitMatTest (0 ms)
[ RUN      ] MyTest.SignTest
[       OK ] MyTest.SignTest (0 ms)
[ RUN      ] MyTest.HouseholderTransformTest
[       OK ] MyTest.HouseholderTransformTest (0 ms)
[ RUN      ] MyTest.QrFactorizationTest
[       OK ] MyTest.QrFactorizationTest (0 ms)
[----------] 8 tests from MyTest (0 ms total)

[----------] Global test environment tear-down
[==========] 8 tests from 1 test suite ran. (0 ms total)
[  PASSED  ] 8 tests.
<end of output>
Test time =   0.00 sec
----------------------------------------------------------
Test Passed.
"basic_test" end time: Dec 20 17:02 +08
"basic_test" time elapsed: 00:00:00
----------------------------------------------------------

3/9 Testing: debuglogger
3/9 Test: debuglogger
Command: "/Users/yincheangng/worksapce/Github/MyAlgorithmicToolkit/build/debuglogger"
Directory: /Users/yincheangng/worksapce/Github/MyAlgorithmicToolkit/build
"debuglogger" start time: Dec 20 17:02 +08
Output:
----------------------------------------------------------
[==========] Running 1 test from 1 test suite.
[----------] Global test environment set-up.
[----------] 1 test from Solver
[ RUN      ] Solver.DebuggingIntermediateSteps
Iteration 0:
  Residual norm: 2.56474
  Alpha: 0.304511
  Solution: [2.43609, 2.7406, 1.21805, 0.304511]
Iteration 1:
  Residual norm: 0.756683
  Alpha: 0.355828
  Solution: [1.93098, 3.14754, 1.83232, 0.566434]
Iteration 2:
  Residual norm: 0.245748
  Alpha: 0.491293
  Solution: [2.00591, 2.97899, 2.0709, 0.81092]
Iteration 3:
  Residual norm: 3.64688e-16
  Alpha: 0.782717
  Solution: [2, 3, 2, 1]
[       OK ] Solver.DebuggingIntermediateSteps (0 ms)
[----------] 1 test from Solver (0 ms total)

[----------] Global test environment tear-down
[==========] 1 test from 1 test suite ran. (0 ms total)
[  PASSED  ] 1 test.
<end of output>
Test time =   0.00 sec
----------------------------------------------------------
Test Passed.
"debuglogger" end time: Dec 20 17:02 +08
"debuglogger" time elapsed: 00:00:00
----------------------------------------------------------

4/9 Testing: itersolver_test
4/9 Test: itersolver_test
Command: "/Users/yincheangng/worksapce/Github/MyAlgorithmicToolkit/build/itersolver_test"
Directory: /Users/yincheangng/worksapce/Github/MyAlgorithmicToolkit/build
"itersolver_test" start time: Dec 20 17:02 +08
Output:
----------------------------------------------------------
[==========] Running 3 tests from 2 test suites.
[----------] Global test environment set-up.
[----------] 2 tests from GradientDescentSolverTest
[ RUN      ] GradientDescentSolverTest.SimpleTestWithPreconditioner
[       OK ] GradientDescentSolverTest.SimpleTestWithPreconditioner (0 ms)
[ RUN      ] GradientDescentSolverTest.ConvergenceCheckEarlyStopping
[       OK ] GradientDescentSolverTest.ConvergenceCheckEarlyStopping (0 ms)
[----------] 2 tests from GradientDescentSolverTest (0 ms total)

[----------] 1 test from StaticIterMethodTest
[ RUN      ] StaticIterMethodTest.JacobiMethodConvergence
[       OK ] StaticIterMethodTest.JacobiMethodConvergence (0 ms)
[----------] 1 test from StaticIterMethodTest (0 ms total)

[----------] Global test environment tear-down
[==========] 3 tests from 2 test suites ran. (0 ms total)
[  PASSED  ] 3 tests.
<end of output>
Test time =   0.00 sec
----------------------------------------------------------
Test Passed.
"itersolver_test" end time: Dec 20 17:02 +08
"itersolver_test" time elapsed: 00:00:00
----------------------------------------------------------

5/9 Testing: LU_test
5/9 Test: LU_test
Command: "/Users/yincheangng/worksapce/Github/MyAlgorithmicToolkit/build/LU_test"
Directory: /Users/yincheangng/worksapce/Github/MyAlgorithmicToolkit/build
"LU_test" start time: Dec 20 17:02 +08
Output:
----------------------------------------------------------
[==========] Running 1 test from 1 test suite.
[----------] Global test environment set-up.
[----------] 1 test from LUDecomposition
[ RUN      ] LUDecomposition.SquareMatrix
[       OK ] LUDecomposition.SquareMatrix (0 ms)
[----------] 1 test from LUDecomposition (0 ms total)

[----------] Global test environment tear-down
[==========] 1 test from 1 test suite ran. (0 ms total)
[  PASSED  ] 1 test.
<end of output>
Test time =   0.00 sec
----------------------------------------------------------
Test Passed.
"LU_test" end time: Dec 20 17:02 +08
"LU_test" time elapsed: 00:00:00
----------------------------------------------------------

6/9 Testing: KrylovSubspace_test
6/9 Test: KrylovSubspace_test
Command: "/Users/yincheangng/worksapce/Github/MyAlgorithmicToolkit/build/KrylovSubspace_test"
Directory: /Users/yincheangng/worksapce/Github/MyAlgorithmicToolkit/build
"KrylovSubspace_test" start time: Dec 20 17:02 +08
Output:
----------------------------------------------------------
[==========] Running 4 tests from 1 test suite.
[----------] Global test environment set-up.
[----------] 4 tests from ArnoldiTest
[ RUN      ] ArnoldiTest.OrthogonalityCheck
Breakdown: Norm below tolerance at iteration 1
[       OK ] ArnoldiTest.OrthogonalityCheck (0 ms)
[ RUN      ] ArnoldiTest.HessenbergStructure
Breakdown: Norm below tolerance at iteration 1
[       OK ] ArnoldiTest.HessenbergStructure (0 ms)
[ RUN      ] ArnoldiTest.BreakdownTolerance
Breakdown: Norm below tolerance at iteration 1
[       OK ] ArnoldiTest.BreakdownTolerance (0 ms)
[ RUN      ] ArnoldiTest.KnownExample
Breakdown: Norm below tolerance at iteration 4
[       OK ] ArnoldiTest.KnownExample (0 ms)
[----------] 4 tests from ArnoldiTest (0 ms total)

[----------] Global test environment tear-down
[==========] 4 tests from 1 test suite ran. (0 ms total)
[  PASSED  ] 4 tests.
<end of output>
Test time =   0.00 sec
----------------------------------------------------------
Test Passed.
"KrylovSubspace_test" end time: Dec 20 17:02 +08
"KrylovSubspace_test" time elapsed: 00:00:00
----------------------------------------------------------

7/9 Testing: ConjugateGradient_test
7/9 Test: ConjugateGradient_test
Command: "/Users/yincheangng/worksapce/Github/MyAlgorithmicToolkit/build/ConjugateGradient_test"
Directory: /Users/yincheangng/worksapce/Github/MyAlgorithmicToolkit/build
"ConjugateGradient_test" start time: Dec 20 17:02 +08
Output:
----------------------------------------------------------
[==========] Running 3 tests from 1 test suite.
[----------] Global test environment set-up.
[----------] 3 tests from ConjugateGradientTest
[ RUN      ] ConjugateGradientTest.SolvesSPDMatrix
Iteration 0:
  Residual norm: 2.56474
  Alpha: 0.304511
  Solution: [2.43609, 2.7406, 1.21805, 0.304511]
Iteration 1:
  Residual norm: 0.756683
  Alpha: 0.355828
  Solution: [1.93098, 3.14754, 1.83232, 0.566434]
Iteration 2:
  Residual norm: 0.245748
  Alpha: 0.491293
  Solution: [2.00591, 2.97899, 2.0709, 0.81092]
Iteration 3:
  Residual norm: 3.64688e-16
  Alpha: 0.782717
  Solution: [2, 3, 2, 1]
[       OK ] ConjugateGradientTest.SolvesSPDMatrix (0 ms)
[ RUN      ] ConjugateGradientTest.ZeroRHS
[       OK ] ConjugateGradientTest.ZeroRHS (0 ms)
[ RUN      ] ConjugateGradientTest.SingleIteration
Iteration 0:
  Residual norm: 2.56474
  Alpha: 0.304511
  Solution: [2.43609, 2.7406, 1.21805, 0.304511]
[       OK ] ConjugateGradientTest.SingleIteration (0 ms)
[----------] 3 tests from ConjugateGradientTest (0 ms total)

[----------] Global test environment tear-down
[==========] 3 tests from 1 test suite ran. (0 ms total)
[  PASSED  ] 3 tests.
<end of output>
Test time =   0.00 sec
----------------------------------------------------------
Test Passed.
"ConjugateGradient_test" end time: Dec 20 17:02 +08
"ConjugateGradient_test" time elapsed: 00:00:00
----------------------------------------------------------

8/9 Testing: SparseMatrixCSCTest
8/9 Test: SparseMatrixCSCTest
Command: "/Users/yincheangng/worksapce/Github/MyAlgorithmicToolkit/build/SparseMatrixCSCTest"
Directory: /Users/yincheangng/worksapce/Github/MyAlgorithmicToolkit/build
"SparseMatrixCSCTest" start time: Dec 20 17:02 +08
Output:
----------------------------------------------------------
[==========] Running 7 tests from 1 test suite.
[----------] Global test environment set-up.
[----------] 7 tests from SparseMatrixCSCTest
[ RUN      ] SparseMatrixCSCTest.ElementAccess
[       OK ] SparseMatrixCSCTest.ElementAccess (0 ms)
[ RUN      ] SparseMatrixCSCTest.MatrixAddition
[       OK ] SparseMatrixCSCTest.MatrixAddition (0 ms)
[ RUN      ] SparseMatrixCSCTest.MatrixMultiplication
[       OK ] SparseMatrixCSCTest.MatrixMultiplication (0 ms)
[ RUN      ] SparseMatrixCSCTest.GetColumn
[       OK ] SparseMatrixCSCTest.GetColumn (0 ms)
[ RUN      ] SparseMatrixCSCTest.OutOfBoundsAccess
[       OK ] SparseMatrixCSCTest.OutOfBoundsAccess (0 ms)
[ RUN      ] SparseMatrixCSCTest.IncompatibleMatrixAddition
[       OK ] SparseMatrixCSCTest.IncompatibleMatrixAddition (0 ms)
[ RUN      ] SparseMatrixCSCTest.IncompatibleMatrixMultiplication
[       OK ] SparseMatrixCSCTest.IncompatibleMatrixMultiplication (0 ms)
[----------] 7 tests from SparseMatrixCSCTest (0 ms total)

[----------] Global test environment tear-down
[==========] 7 tests from 1 test suite ran. (0 ms total)
[  PASSED  ] 7 tests.
<end of output>
Test time =   0.00 sec
----------------------------------------------------------
Test Passed.
"SparseMatrixCSCTest" end time: Dec 20 17:02 +08
"SparseMatrixCSCTest" time elapsed: 00:00:00
----------------------------------------------------------

9/9 Testing: GMRES_test
9/9 Test: GMRES_test
Command: "/Users/yincheangng/worksapce/Github/MyAlgorithmicToolkit/build/GMRES_test"
Directory: /Users/yincheangng/worksapce/Github/MyAlgorithmicToolkit/build
"GMRES_test" start time: Dec 20 17:02 +08
Output:
----------------------------------------------------------
[==========] Running 5 tests from 1 test suite.
[----------] Global test environment set-up.
[----------] 5 tests from GMRESTest
[ RUN      ] GMRESTest.BasicSolverTest
Initial residual norm: 5.09902
Iteration 0, w: 2.04751
H(1, 0): 2.04751
Residual norm at inner iteration 0: 5.09902
Iteration 1, w: 2.10068
H(0, 1): 2.04751, w: 0.469613
H(2, 1): 0.469613
Residual norm at inner iteration 1: 5.09902
Iteration 2, w: 2.96778
H(0, 2): 0.192308, w: 2.96154
H(1, 2): 0.278155, w: 2.94845
H(3, 2): 2.94845
Residual norm at inner iteration 2: 0
Converged at iteration 2
/Users/yincheangng/worksapce/Github/MyAlgorithmicToolkit/main/GMRES_test.cpp:49: Failure
The difference between x[0] and 0.4 is nan, which exceeds 1e-5, where
x[0] evaluates to nan,
0.4 evaluates to 0.40000000000000002, and
1e-5 evaluates to 1.0000000000000001e-05.

/Users/yincheangng/worksapce/Github/MyAlgorithmicToolkit/main/GMRES_test.cpp:50: Failure
The difference between x[1] and 1.3 is nan, which exceeds 1e-5, where
x[1] evaluates to nan,
1.3 evaluates to 1.3, and
1e-5 evaluates to 1.0000000000000001e-05.

/Users/yincheangng/worksapce/Github/MyAlgorithmicToolkit/main/GMRES_test.cpp:51: Failure
The difference between x[2] and 0.2 is nan, which exceeds 1e-5, where
x[2] evaluates to nan,
0.2 evaluates to 0.20000000000000001, and
1e-5 evaluates to 1.0000000000000001e-05.

[  FAILED  ] GMRESTest.BasicSolverTest (0 ms)
[ RUN      ] GMRESTest.ZeroRHSTest
Initial residual norm: 0
Initial guess is good enough.
[       OK ] GMRESTest.ZeroRHSTest (0 ms)
[ RUN      ] GMRESTest.ConvergenceTest
Initial residual norm: 5.09902
Iteration 0, w: 2.04751
H(1, 0): 2.04751
Residual norm at inner iteration 0: 5.09902
Iteration 1, w: 2.10068
H(0, 1): 2.04751, w: 0.469613
H(2, 1): 0.469613
Residual norm at inner iteration 1: 5.09902
Iteration 2, w: 2.96778
H(0, 2): 0.192308, w: 2.96154
H(1, 2): 0.278155, w: 2.94845
H(3, 2): 2.94845
Residual norm at inner iteration 2: 0
Converged at iteration 2
/Users/yincheangng/worksapce/Github/MyAlgorithmicToolkit/main/GMRES_test.cpp:73: Failure
Expected: (residual_norm) < (1e-6), actual: nan vs 1e-06

[  FAILED  ] GMRESTest.ConvergenceTest (0 ms)
[ RUN      ] GMRESTest.DimensionMismatchTest
[       OK ] GMRESTest.DimensionMismatchTest (0 ms)
[ RUN      ] GMRESTest.KrylovDimensionTest
Initial residual norm: 5.09902
Iteration 0, w: 2.04751
H(1, 0): 2.04751
Residual norm at inner iteration 0: 5.09902
Residual norm after restart: nan nan
Iteration 1, w: nan
H(1, 0): nan
Residual norm at inner iteration 0: nan
Residual norm after restart: nan nan
Iteration 2, w: nan
H(1, 0): nan
Residual norm at inner iteration 0: nan
Residual norm after restart: nan nan
Iteration 3, w: nan
H(1, 0): nan
Residual norm at inner iteration 0: nan
Residual norm after restart: nan nan
Iteration 4, w: nan
H(1, 0): nan
Residual norm at inner iteration 0: nan
Residual norm after restart: nan nan
Iteration 5, w: nan
H(1, 0): nan
Residual norm at inner iteration 0: nan
Residual norm after restart: nan nan
Iteration 6, w: nan
H(1, 0): nan
Residual norm at inner iteration 0: nan
Residual norm after restart: nan nan
Iteration 7, w: nan
H(1, 0): nan
Residual norm at inner iteration 0: nan
Residual norm after restart: nan nan
Iteration 8, w: nan
H(1, 0): nan
Residual norm at inner iteration 0: nan
Residual norm after restart: nan nan
Iteration 9, w: nan
H(1, 0): nan
Residual norm at inner iteration 0: nan
Residual norm after restart: nan nan
Iteration 10, w: nan
H(1, 0): nan
Residual norm at inner iteration 0: nan
Residual norm after restart: nan nan
Iteration 11, w: nan
H(1, 0): nan
Residual norm at inner iteration 0: nan
Residual norm after restart: nan nan
Iteration 12, w: nan
H(1, 0): nan
Residual norm at inner iteration 0: nan
Residual norm after restart: nan nan
Iteration 13, w: nan
H(1, 0): nan
Residual norm at inner iteration 0: nan
Residual norm after restart: nan nan
Iteration 14, w: nan
H(1, 0): nan
Residual norm at inner iteration 0: nan
Residual norm after restart: nan nan
Iteration 15, w: nan
H(1, 0): nan
Residual norm at inner iteration 0: nan
Residual norm after restart: nan nan
Iteration 16, w: nan
H(1, 0): nan
Residual norm at inner iteration 0: nan
Residual norm after restart: nan nan
Iteration 17, w: nan
H(1, 0): nan
Residual norm at inner iteration 0: nan
Residual norm after restart: nan nan
Iteration 18, w: nan
H(1, 0): nan
Residual norm at inner iteration 0: nan
Residual norm after restart: nan nan
Iteration 19, w: nan
H(1, 0): nan
Residual norm at inner iteration 0: nan
Residual norm after restart: nan nan
Iteration 20, w: nan
H(1, 0): nan
Residual norm at inner iteration 0: nan
Residual norm after restart: nan nan
Iteration 21, w: nan
H(1, 0): nan
Residual norm at inner iteration 0: nan
Residual norm after restart: nan nan
Iteration 22, w: nan
H(1, 0): nan
Residual norm at inner iteration 0: nan
Residual norm after restart: nan nan
Iteration 23, w: nan
H(1, 0): nan
Residual norm at inner iteration 0: nan
Residual norm after restart: nan nan
Iteration 24, w: nan
H(1, 0): nan
Residual norm at inner iteration 0: nan
Residual norm after restart: nan nan
Iteration 25, w: nan
H(1, 0): nan
Residual norm at inner iteration 0: nan
Residual norm after restart: nan nan
Iteration 26, w: nan
H(1, 0): nan
Residual norm at inner iteration 0: nan
Residual norm after restart: nan nan
Iteration 27, w: nan
H(1, 0): nan
Residual norm at inner iteration 0: nan
Residual norm after restart: nan nan
Iteration 28, w: nan
H(1, 0): nan
Residual norm at inner iteration 0: nan
Residual norm after restart: nan nan
Iteration 29, w: nan
H(1, 0): nan
Residual norm at inner iteration 0: nan
Residual norm after restart: nan nan
Iteration 30, w: nan
H(1, 0): nan
Residual norm at inner iteration 0: nan
Residual norm after restart: nan nan
Iteration 31, w: nan
H(1, 0): nan
Residual norm at inner iteration 0: nan
Residual norm after restart: nan nan
Iteration 32, w: nan
H(1, 0): nan
Residual norm at inner iteration 0: nan
Residual norm after restart: nan nan
Iteration 33, w: nan
H(1, 0): nan
Residual norm at inner iteration 0: nan
Residual norm after restart: nan nan
Iteration 34, w: nan
H(1, 0): nan
Residual norm at inner iteration 0: nan
Residual norm after restart: nan nan
Iteration 35, w: nan
H(1, 0): nan
Residual norm at inner iteration 0: nan
Residual norm after restart: nan nan
Iteration 36, w: nan
H(1, 0): nan
Residual norm at inner iteration 0: nan
Residual norm after restart: nan nan
Iteration 37, w: nan
H(1, 0): nan
Residual norm at inner iteration 0: nan
Residual norm after restart: nan nan
Iteration 38, w: nan
H(1, 0): nan
Residual norm at inner iteration 0: nan
Residual norm after restart: nan nan
Iteration 39, w: nan
H(1, 0): nan
Residual norm at inner iteration 0: nan
Residual norm after restart: nan nan
Iteration 40, w: nan
H(1, 0): nan
Residual norm at inner iteration 0: nan
Residual norm after restart: nan nan
Iteration 41, w: nan
H(1, 0): nan
Residual norm at inner iteration 0: nan
Residual norm after restart: nan nan
Iteration 42, w: nan
H(1, 0): nan
Residual norm at inner iteration 0: nan
Residual norm after restart: nan nan
Iteration 43, w: nan
H(1, 0): nan
Residual norm at inner iteration 0: nan
Residual norm after restart: nan nan
Iteration 44, w: nan
H(1, 0): nan
Residual norm at inner iteration 0: nan
Residual norm after restart: nan nan
Iteration 45, w: nan
H(1, 0): nan
Residual norm at inner iteration 0: nan
Residual norm after restart: nan nan
Iteration 46, w: nan
H(1, 0): nan
Residual norm at inner iteration 0: nan
Residual norm after restart: nan nan
Iteration 47, w: nan
H(1, 0): nan
Residual norm at inner iteration 0: nan
Residual norm after restart: nan nan
Iteration 48, w: nan
H(1, 0): nan
Residual norm at inner iteration 0: nan
Residual norm after restart: nan nan
Iteration 49, w: nan
H(1, 0): nan
Residual norm at inner iteration 0: nan
Residual norm after restart: nan nan
Iteration 50, w: nan
H(1, 0): nan
Residual norm at inner iteration 0: nan
Residual norm after restart: nan nan
Iteration 51, w: nan
H(1, 0): nan
Residual norm at inner iteration 0: nan
Residual norm after restart: nan nan
Iteration 52, w: nan
H(1, 0): nan
Residual norm at inner iteration 0: nan
Residual norm after restart: nan nan
Iteration 53, w: nan
H(1, 0): nan
Residual norm at inner iteration 0: nan
Residual norm after restart: nan nan
Iteration 54, w: nan
H(1, 0): nan
Residual norm at inner iteration 0: nan
Residual norm after restart: nan nan
Iteration 55, w: nan
H(1, 0): nan
Residual norm at inner iteration 0: nan
Residual norm after restart: nan nan
Iteration 56, w: nan
H(1, 0): nan
Residual norm at inner iteration 0: nan
Residual norm after restart: nan nan
Iteration 57, w: nan
H(1, 0): nan
Residual norm at inner iteration 0: nan
Residual norm after restart: nan nan
Iteration 58, w: nan
H(1, 0): nan
Residual norm at inner iteration 0: nan
Residual norm after restart: nan nan
Iteration 59, w: nan
H(1, 0): nan
Residual norm at inner iteration 0: nan
Residual norm after restart: nan nan
Iteration 60, w: nan
H(1, 0): nan
Residual norm at inner iteration 0: nan
Residual norm after restart: nan nan
Iteration 61, w: nan
H(1, 0): nan
Residual norm at inner iteration 0: nan
Residual norm after restart: nan nan
Iteration 62, w: nan
H(1, 0): nan
Residual norm at inner iteration 0: nan
Residual norm after restart: nan nan
Iteration 63, w: nan
H(1, 0): nan
Residual norm at inner iteration 0: nan
Residual norm after restart: nan nan
Iteration 64, w: nan
H(1, 0): nan
Residual norm at inner iteration 0: nan
Residual norm after restart: nan nan
Iteration 65, w: nan
H(1, 0): nan
Residual norm at inner iteration 0: nan
Residual norm after restart: nan nan
Iteration 66, w: nan
H(1, 0): nan
Residual norm at inner iteration 0: nan
Residual norm after restart: nan nan
Iteration 67, w: nan
H(1, 0): nan
Residual norm at inner iteration 0: nan
Residual norm after restart: nan nan
Iteration 68, w: nan
H(1, 0): nan
Residual norm at inner iteration 0: nan
Residual norm after restart: nan nan
Iteration 69, w: nan
H(1, 0): nan
Residual norm at inner iteration 0: nan
Residual norm after restart: nan nan
Iteration 70, w: nan
H(1, 0): nan
Residual norm at inner iteration 0: nan
Residual norm after restart: nan nan
Iteration 71, w: nan
H(1, 0): nan
Residual norm at inner iteration 0: nan
Residual norm after restart: nan nan
Iteration 72, w: nan
H(1, 0): nan
Residual norm at inner iteration 0: nan
Residual norm after restart: nan nan
Iteration 73, w: nan
H(1, 0): nan
Residual norm at inner iteration 0: nan
Residual norm after restart: nan nan
Iteration 74, w: nan
H(1, 0): nan
Residual norm at inner iteration 0: nan
Residual norm after restart: nan nan
Iteration 75, w: nan
H(1, 0): nan
Residual norm at inner iteration 0: nan
Residual norm after restart: nan nan
Iteration 76, w: nan
H(1, 0): nan
Residual norm at inner iteration 0: nan
Residual norm after restart: nan nan
Iteration 77, w: nan
H(1, 0): nan
Residual norm at inner iteration 0: nan
Residual norm after restart: nan nan
Iteration 78, w: nan
H(1, 0): nan
Residual norm at inner iteration 0: nan
Residual norm after restart: nan nan
Iteration 79, w: nan
H(1, 0): nan
Residual norm at inner iteration 0: nan
Residual norm after restart: nan nan
Iteration 80, w: nan
H(1, 0): nan
Residual norm at inner iteration 0: nan
Residual norm after restart: nan nan
Iteration 81, w: nan
H(1, 0): nan
Residual norm at inner iteration 0: nan
Residual norm after restart: nan nan
Iteration 82, w: nan
H(1, 0): nan
Residual norm at inner iteration 0: nan
Residual norm after restart: nan nan
Iteration 83, w: nan
H(1, 0): nan
Residual norm at inner iteration 0: nan
Residual norm after restart: nan nan
Iteration 84, w: nan
H(1, 0): nan
Residual norm at inner iteration 0: nan
Residual norm after restart: nan nan
Iteration 85, w: nan
H(1, 0): nan
Residual norm at inner iteration 0: nan
Residual norm after restart: nan nan
Iteration 86, w: nan
H(1, 0): nan
Residual norm at inner iteration 0: nan
Residual norm after restart: nan nan
Iteration 87, w: nan
H(1, 0): nan
Residual norm at inner iteration 0: nan
Residual norm after restart: nan nan
Iteration 88, w: nan
H(1, 0): nan
Residual norm at inner iteration 0: nan
Residual norm after restart: nan nan
Iteration 89, w: nan
H(1, 0): nan
Residual norm at inner iteration 0: nan
Residual norm after restart: nan nan
Iteration 90, w: nan
H(1, 0): nan
Residual norm at inner iteration 0: nan
Residual norm after restart: nan nan
Iteration 91, w: nan
H(1, 0): nan
Residual norm at inner iteration 0: nan
Residual norm after restart: nan nan
Iteration 92, w: nan
H(1, 0): nan
Residual norm at inner iteration 0: nan
Residual norm after restart: nan nan
Iteration 93, w: nan
H(1, 0): nan
Residual norm at inner iteration 0: nan
Residual norm after restart: nan nan
Iteration 94, w: nan
H(1, 0): nan
Residual norm at inner iteration 0: nan
Residual norm after restart: nan nan
Iteration 95, w: nan
H(1, 0): nan
Residual norm at inner iteration 0: nan
Residual norm after restart: nan nan
Iteration 96, w: nan
H(1, 0): nan
Residual norm at inner iteration 0: nan
Residual norm after restart: nan nan
Iteration 97, w: nan
H(1, 0): nan
Residual norm at inner iteration 0: nan
Residual norm after restart: nan nan
Iteration 98, w: nan
H(1, 0): nan
Residual norm at inner iteration 0: nan
Residual norm after restart: nan nan
Iteration 99, w: nan
H(1, 0): nan
Residual norm at inner iteration 0: nan
Residual norm after restart: nan nan
Reached maximum iterations without convergence.
/Users/yincheangng/worksapce/Github/MyAlgorithmicToolkit/main/GMRES_test.cpp:89: Failure
Expected: (residual.L2norm()) < (1e-6), actual: nan vs 1e-06

Initial residual norm: 5.09902
Iteration 0, w: 2.04751
H(1, 0): 2.04751
Residual norm at inner iteration 0: 5.09902
Iteration 1, w: 2.10068
H(0, 1): 2.04751, w: 0.469613
H(2, 1): 0.469613
Residual norm at inner iteration 1: 5.09902
Residual norm after restart: nan nan
Iteration 2, w: nan
H(1, 0): 0
Happy breakdown at iteration 2
Residual norm after restart: nan nan
Iteration 4, w: nan
H(1, 0): 0
Happy breakdown at iteration 4
Residual norm after restart: nan nan
Iteration 6, w: nan
H(1, 0): 0
Happy breakdown at iteration 6
Residual norm after restart: nan nan
Iteration 8, w: nan
H(1, 0): 0
Happy breakdown at iteration 8
Residual norm after restart: nan nan
Iteration 10, w: nan
H(1, 0): 0
Happy breakdown at iteration 10
Residual norm after restart: nan nan
Iteration 12, w: nan
H(1, 0): 0
Happy breakdown at iteration 12
Residual norm after restart: nan nan
Iteration 14, w: nan
H(1, 0): 0
Happy breakdown at iteration 14
Residual norm after restart: nan nan
Iteration 16, w: nan
H(1, 0): 0
Happy breakdown at iteration 16
Residual norm after restart: nan nan
Iteration 18, w: nan
H(1, 0): 0
Happy breakdown at iteration 18
Residual norm after restart: nan nan
Iteration 20, w: nan
H(1, 0): 0
Happy breakdown at iteration 20
Residual norm after restart: nan nan
Iteration 22, w: nan
H(1, 0): 0
Happy breakdown at iteration 22
Residual norm after restart: nan nan
Iteration 24, w: nan
H(1, 0): 0
Happy breakdown at iteration 24
Residual norm after restart: nan nan
Iteration 26, w: nan
H(1, 0): 0
Happy breakdown at iteration 26
Residual norm after restart: nan nan
Iteration 28, w: nan
H(1, 0): 0
Happy breakdown at iteration 28
Residual norm after restart: nan nan
Iteration 30, w: nan
H(1, 0): 0
Happy breakdown at iteration 30
Residual norm after restart: nan nan
Iteration 32, w: nan
H(1, 0): 0
Happy breakdown at iteration 32
Residual norm after restart: nan nan
Iteration 34, w: nan
H(1, 0): 0
Happy breakdown at iteration 34
Residual norm after restart: nan nan
Iteration 36, w: nan
H(1, 0): 0
Happy breakdown at iteration 36
Residual norm after restart: nan nan
Iteration 38, w: nan
H(1, 0): 0
Happy breakdown at iteration 38
Residual norm after restart: nan nan
Iteration 40, w: nan
H(1, 0): 0
Happy breakdown at iteration 40
Residual norm after restart: nan nan
Iteration 42, w: nan
H(1, 0): 0
Happy breakdown at iteration 42
Residual norm after restart: nan nan
Iteration 44, w: nan
H(1, 0): 0
Happy breakdown at iteration 44
Residual norm after restart: nan nan
Iteration 46, w: nan
H(1, 0): 0
Happy breakdown at iteration 46
Residual norm after restart: nan nan
Iteration 48, w: nan
H(1, 0): 0
Happy breakdown at iteration 48
Residual norm after restart: nan nan
Iteration 50, w: nan
H(1, 0): 0
Happy breakdown at iteration 50
Residual norm after restart: nan nan
Iteration 52, w: nan
H(1, 0): 0
Happy breakdown at iteration 52
Residual norm after restart: nan nan
Iteration 54, w: nan
H(1, 0): 0
Happy breakdown at iteration 54
Residual norm after restart: nan nan
Iteration 56, w: nan
H(1, 0): 0
Happy breakdown at iteration 56
Residual norm after restart: nan nan
Iteration 58, w: nan
H(1, 0): 0
Happy breakdown at iteration 58
Residual norm after restart: nan nan
Iteration 60, w: nan
H(1, 0): 0
Happy breakdown at iteration 60
Residual norm after restart: nan nan
Iteration 62, w: nan
H(1, 0): 0
Happy breakdown at iteration 62
Residual norm after restart: nan nan
Iteration 64, w: nan
H(1, 0): 0
Happy breakdown at iteration 64
Residual norm after restart: nan nan
Iteration 66, w: nan
H(1, 0): 0
Happy breakdown at iteration 66
Residual norm after restart: nan nan
Iteration 68, w: nan
H(1, 0): 0
Happy breakdown at iteration 68
Residual norm after restart: nan nan
Iteration 70, w: nan
H(1, 0): 0
Happy breakdown at iteration 70
Residual norm after restart: nan nan
Iteration 72, w: nan
H(1, 0): 0
Happy breakdown at iteration 72
Residual norm after restart: nan nan
Iteration 74, w: nan
H(1, 0): 0
Happy breakdown at iteration 74
Residual norm after restart: nan nan
Iteration 76, w: nan
H(1, 0): 0
Happy breakdown at iteration 76
Residual norm after restart: nan nan
Iteration 78, w: nan
H(1, 0): 0
Happy breakdown at iteration 78
Residual norm after restart: nan nan
Iteration 80, w: nan
H(1, 0): 0
Happy breakdown at iteration 80
Residual norm after restart: nan nan
Iteration 82, w: nan
H(1, 0): 0
Happy breakdown at iteration 82
Residual norm after restart: nan nan
Iteration 84, w: nan
H(1, 0): 0
Happy breakdown at iteration 84
Residual norm after restart: nan nan
Iteration 86, w: nan
H(1, 0): 0
Happy breakdown at iteration 86
Residual norm after restart: nan nan
Iteration 88, w: nan
H(1, 0): 0
Happy breakdown at iteration 88
Residual norm after restart: nan nan
Iteration 90, w: nan
H(1, 0): 0
Happy breakdown at iteration 90
Residual norm after restart: nan nan
Iteration 92, w: nan
H(1, 0): 0
Happy breakdown at iteration 92
Residual norm after restart: nan nan
Iteration 94, w: nan
H(1, 0): 0
Happy breakdown at iteration 94
Residual norm after restart: nan nan
Iteration 96, w: nan
H(1, 0): 0
Happy breakdown at iteration 96
Residual norm after restart: nan nan
Iteration 98, w: nan
H(1, 0): 0
Happy breakdown at iteration 98
Residual norm after restart: nan nan
Reached maximum iterations without convergence.
/Users/yincheangng/worksapce/Github/MyAlgorithmicToolkit/main/GMRES_test.cpp:89: Failure
Expected: (residual.L2norm()) < (1e-6), actual: nan vs 1e-06

Initial residual norm: 5.09902
Iteration 0, w: 2.04751
H(1, 0): 2.04751
Residual norm at inner iteration 0: 5.09902
Iteration 1, w: 2.10068
H(0, 1): 2.04751, w: 0.469613
H(2, 1): 0.469613
Residual norm at inner iteration 1: 5.09902
Iteration 2, w: 2.96778
H(0, 2): 0.192308, w: 2.96154
H(1, 2): 0.278155, w: 2.94845
H(3, 2): 2.94845
Residual norm at inner iteration 2: 0
Converged at iteration 2
/Users/yincheangng/worksapce/Github/MyAlgorithmicToolkit/main/GMRES_test.cpp:89: Failure
Expected: (residual.L2norm()) < (1e-6), actual: nan vs 1e-06

[  FAILED  ] GMRESTest.KrylovDimensionTest (1 ms)
[----------] 5 tests from GMRESTest (2 ms total)

[----------] Global test environment tear-down
[==========] 5 tests from 1 test suite ran. (2 ms total)
[  PASSED  ] 2 tests.
[  FAILED  ] 3 tests, listed below:
[  FAILED  ] GMRESTest.BasicSolverTest
[  FAILED  ] GMRESTest.ConvergenceTest
[  FAILED  ] GMRESTest.KrylovDimensionTest

 3 FAILED TESTS
<end of output>
Test time =   0.33 sec
----------------------------------------------------------
Test Failed.
"GMRES_test" end time: Dec 20 17:02 +08
"GMRES_test" time elapsed: 00:00:00
----------------------------------------------------------

End testing: Dec 20 17:02 +08
