Start testing: Dec 15 12:11 +08
----------------------------------------------------------
1/6 Testing: matrix_obj_test
1/6 Test: matrix_obj_test
Command: "/Users/yincheangng/worksapce/Github/MyAlgorithmicToolkit/build/matrix_obj_test"
Directory: /Users/yincheangng/worksapce/Github/MyAlgorithmicToolkit/build
"matrix_obj_test" start time: Dec 15 12:11 +08
Output:
----------------------------------------------------------
[==========] Running 11 tests from 1 test suite.
[----------] Global test environment set-up.
[----------] 11 tests from MatrixObjTest
[ RUN      ] MatrixObjTest.DefaultConstructor
[       OK ] MatrixObjTest.DefaultConstructor (0 ms)
[ RUN      ] MatrixObjTest.GetDimensions
[       OK ] MatrixObjTest.GetDimensions (0 ms)
[ RUN      ] MatrixObjTest.SetDimensions
[       OK ] MatrixObjTest.SetDimensions (0 ms)
[ RUN      ] MatrixObjTest.Addition
[       OK ] MatrixObjTest.Addition (0 ms)
[ RUN      ] MatrixObjTest.Subtraction
[       OK ] MatrixObjTest.Subtraction (0 ms)
[ RUN      ] MatrixObjTest.ScalarMultiplication
[       OK ] MatrixObjTest.ScalarMultiplication (0 ms)
[ RUN      ] MatrixObjTest.MatrixMultiplication
[       OK ] MatrixObjTest.MatrixMultiplication (0 ms)
[ RUN      ] MatrixObjTest.Transpose
[       OK ] MatrixObjTest.Transpose (0 ms)
[ RUN      ] MatrixObjTest.IncompatibleDimensionsMultiplication
[       OK ] MatrixObjTest.IncompatibleDimensionsMultiplication (0 ms)
[ RUN      ] MatrixObjTest.ElementAccess
[       OK ] MatrixObjTest.ElementAccess (0 ms)
[ RUN      ] MatrixObjTest.GetColumn
[       OK ] MatrixObjTest.GetColumn (0 ms)
[----------] 11 tests from MatrixObjTest (0 ms total)

[----------] Global test environment tear-down
[==========] 11 tests from 1 test suite ran. (0 ms total)
[  PASSED  ] 11 tests.
<end of output>
Test time =   0.00 sec
----------------------------------------------------------
Test Passed.
"matrix_obj_test" end time: Dec 15 12:11 +08
"matrix_obj_test" time elapsed: 00:00:00
----------------------------------------------------------

2/6 Testing: basic_test
2/6 Test: basic_test
Command: "/Users/yincheangng/worksapce/Github/MyAlgorithmicToolkit/build/basic_test"
Directory: /Users/yincheangng/worksapce/Github/MyAlgorithmicToolkit/build
"basic_test" start time: Dec 15 12:11 +08
Output:
----------------------------------------------------------
[==========] Running 8 tests from 1 test suite.
[----------] Global test environment set-up.
[----------] 8 tests from BasicTest
[ RUN      ] BasicTest.RayleighQuotientTest
[       OK ] BasicTest.RayleighQuotientTest (0 ms)
[ RUN      ] BasicTest.PowerIterTest
[       OK ] BasicTest.PowerIterTest (0 ms)
[ RUN      ] BasicTest.GramSmithTest
Starting Gram-Schmidt test...
Checking orthogonality for vector 0...
Checking orthogonality for vector 1...
Checking orthogonality for vector 2...
Gram-Schmidt test completed successfully.
[       OK ] BasicTest.GramSmithTest (0 ms)
[ RUN      ] BasicTest.GenUnitvecTest
[       OK ] BasicTest.GenUnitvecTest (0 ms)
[ RUN      ] BasicTest.GenUnitMatxTest
[       OK ] BasicTest.GenUnitMatxTest (0 ms)
[ RUN      ] BasicTest.SignTest
[       OK ] BasicTest.SignTest (0 ms)
[ RUN      ] BasicTest.HouseHTest
[       OK ] BasicTest.HouseHTest (0 ms)
[ RUN      ] BasicTest.QRFactTest



[       OK ] BasicTest.QRFactTest (0 ms)
[----------] 8 tests from BasicTest (0 ms total)

[----------] Global test environment tear-down
[==========] 8 tests from 1 test suite ran. (0 ms total)
[  PASSED  ] 8 tests.
<end of output>
Test time =   0.00 sec
----------------------------------------------------------
Test Passed.
"basic_test" end time: Dec 15 12:11 +08
"basic_test" time elapsed: 00:00:00
----------------------------------------------------------

3/6 Testing: itersolver_test
3/6 Test: itersolver_test
Command: "/Users/yincheangng/worksapce/Github/MyAlgorithmicToolkit/build/itersolver_test"
Directory: /Users/yincheangng/worksapce/Github/MyAlgorithmicToolkit/build
"itersolver_test" start time: Dec 15 12:11 +08
Output:
----------------------------------------------------------
[==========] Running 6 tests from 2 test suites.
[----------] Global test environment set-up.
[----------] 3 tests from GradientDesentTest
[ RUN      ] GradientDesentTest.Constructor
[       OK ] GradientDesentTest.Constructor (0 ms)
[ RUN      ] GradientDesentTest.CalGrad
[       OK ] GradientDesentTest.CalGrad (0 ms)
[ RUN      ] GradientDesentTest.Update
[       OK ] GradientDesentTest.Update (0 ms)
[----------] 3 tests from GradientDesentTest (1 ms total)

[----------] 3 tests from StaticIterMethodTest
[ RUN      ] StaticIterMethodTest.Constructor
[       OK ] StaticIterMethodTest.Constructor (0 ms)
[ RUN      ] StaticIterMethodTest.Substitution
[       OK ] StaticIterMethodTest.Substitution (0 ms)
[ RUN      ] StaticIterMethodTest.Update
[       OK ] StaticIterMethodTest.Update (2 ms)
[----------] 3 tests from StaticIterMethodTest (2 ms total)

[----------] Global test environment tear-down
[==========] 6 tests from 2 test suites ran. (3 ms total)
[  PASSED  ] 6 tests.
<end of output>
Test time =   0.54 sec
----------------------------------------------------------
Test Passed.
"itersolver_test" end time: Dec 15 12:11 +08
"itersolver_test" time elapsed: 00:00:00
----------------------------------------------------------

4/6 Testing: matrix_benchmark_test
4/6 Test: matrix_benchmark_test
Command: "/Users/yincheangng/worksapce/Github/MyAlgorithmicToolkit/build/matrix_benchmark_test"
Directory: /Users/yincheangng/worksapce/Github/MyAlgorithmicToolkit/build
"matrix_benchmark_test" start time: Dec 15 12:11 +08
Output:
----------------------------------------------------------
Unable to determine clock rate from sysctl: hw.cpufrequency: No such file or directory
This does not affect benchmark measurements, only the metadata output.
***WARNING*** Failed to set thread affinity. Estimated CPU frequency may be incorrect.
2024-12-15T12:11:11+08:00
Running /Users/yincheangng/worksapce/Github/MyAlgorithmicToolkit/build/matrix_benchmark_test
Run on (8 X 24 MHz CPU s)
CPU Caches:
  L1 Data 64 KiB
  L1 Instruction 128 KiB
  L2 Unified 4096 KiB (x8)
Load Average: 2.67, 2.18, 3.51
---------------------------------------------------------------------------------
Benchmark                                       Time             CPU   Iterations
---------------------------------------------------------------------------------
BM_MatrixCreation/100/100                     494 ns          494 ns      1892936
BM_MatrixCreation/4096/4096               2530898 ns      2530857 ns          280
BM_MatrixAddition/100/100                    1288 ns         1288 ns       708653
BM_MatrixAddition/4096/4096               5694786 ns      5694789 ns          123
BM_MatrixMultiplication/4096/4096/4096  617724458 ns    597824000 ns            1
<end of output>
Test time =   5.79 sec
----------------------------------------------------------
Test Passed.
"matrix_benchmark_test" end time: Dec 15 12:11 +08
"matrix_benchmark_test" time elapsed: 00:00:05
----------------------------------------------------------

5/6 Testing: basic_benchmark_test
5/6 Test: basic_benchmark_test
Command: "/Users/yincheangng/worksapce/Github/MyAlgorithmicToolkit/build/basic_benchmark_test"
Directory: /Users/yincheangng/worksapce/Github/MyAlgorithmicToolkit/build
"basic_benchmark_test" start time: Dec 15 12:11 +08
Output:
----------------------------------------------------------
Unable to determine clock rate from sysctl: hw.cpufrequency: No such file or directory
This does not affect benchmark measurements, only the metadata output.
***WARNING*** Failed to set thread affinity. Estimated CPU frequency may be incorrect.
2024-12-15T12:11:17+08:00
Running /Users/yincheangng/worksapce/Github/MyAlgorithmicToolkit/build/basic_benchmark_test
Run on (8 X 24 MHz CPU s)
CPU Caches:
  L1 Data 64 KiB
  L1 Instruction 128 KiB
  L2 Unified 4096 KiB (x8)
Load Average: 4.14, 2.49, 3.61
--------------------------------------------------------------
Benchmark                    Time             CPU   Iterations
--------------------------------------------------------------
BM_PowerIter            314824 ns       314780 ns         2219
BM_RayleighQuotient       3130 ns         3130 ns       223779
BM_GramSmith           1021754 ns      1021745 ns          691
BM_SubtProj                206 ns          206 ns      3484216
BM_GenUnitvec             97.7 ns         97.7 ns      7180224
BM_GenUnitMatx           11539 ns        11539 ns        55819
BM_HouseH                46910 ns        30128 ns        26597
<end of output>
Test time =   8.09 sec
----------------------------------------------------------
Test Passed.
"basic_benchmark_test" end time: Dec 15 12:11 +08
"basic_benchmark_test" time elapsed: 00:00:08
----------------------------------------------------------

6/6 Testing: itersolver_benchmark_test
6/6 Test: itersolver_benchmark_test
Command: "/Users/yincheangng/worksapce/Github/MyAlgorithmicToolkit/build/itersolver_benchmark_test"
Directory: /Users/yincheangng/worksapce/Github/MyAlgorithmicToolkit/build
"itersolver_benchmark_test" start time: Dec 15 12:11 +08
Output:
----------------------------------------------------------
Unable to determine clock rate from sysctl: hw.cpufrequency: No such file or directory
This does not affect benchmark measurements, only the metadata output.
***WARNING*** Failed to set thread affinity. Estimated CPU frequency may be incorrect.
2024-12-15T12:11:25+08:00
Running /Users/yincheangng/worksapce/Github/MyAlgorithmicToolkit/build/itersolver_benchmark_test
Run on (8 X 24 MHz CPU s)
CPU Caches:
  L1 Data 64 KiB
  L1 Instruction 128 KiB
  L2 Unified 4096 KiB (x8)
Load Average: 3.88, 2.47, 3.60
--------------------------------------------------------------------------
Benchmark                                Time             CPU   Iterations
--------------------------------------------------------------------------
BM_GradientDesent<double>/8           1515 ns         1515 ns       459559
BM_GradientDesent<double>/64        134746 ns       134746 ns         5182
BM_GradientDesent<double>/512     46107717 ns     46100733 ns           15
BM_StaticIterMethod<double>/8         2286 ns         2187 ns       326503
BM_StaticIterMethod<double>/64      264534 ns       253669 ns         2810
BM_StaticIterMethod<double>/512  142090025 ns    136402800 ns            5
<end of output>
Test time =   7.11 sec
----------------------------------------------------------
Test Passed.
"itersolver_benchmark_test" end time: Dec 15 12:11 +08
"itersolver_benchmark_test" time elapsed: 00:00:07
----------------------------------------------------------

End testing: Dec 15 12:11 +08
