Start testing: Jan 03 13:12 +08
----------------------------------------------------------
1/9 Testing: matrix_obj_test
1/9 Test: matrix_obj_test
Command: "/Users/yincheangng/worksapce/Github/MyAlgorithmicToolkit/build/matrix_obj_test"
Directory: /Users/yincheangng/worksapce/Github/MyAlgorithmicToolkit/build
"matrix_obj_test" start time: Jan 03 13:12 +08
Output:
----------------------------------------------------------
[==========] Running 10 tests from 1 test suite.
[----------] Global test environment set-up.
[----------] 10 tests from DenseObjTest
[ RUN      ] DenseObjTest.DefaultConstructor
[       OK ] DenseObjTest.DefaultConstructor (0 ms)
[ RUN      ] DenseObjTest.GetDimensions
[       OK ] DenseObjTest.GetDimensions (0 ms)
[ RUN      ] DenseObjTest.Addition
[       OK ] DenseObjTest.Addition (0 ms)
[ RUN      ] DenseObjTest.Subtraction
[       OK ] DenseObjTest.Subtraction (0 ms)
[ RUN      ] DenseObjTest.ScalarMultiplication
[       OK ] DenseObjTest.ScalarMultiplication (0 ms)
[ RUN      ] DenseObjTest.MatrixMultiplication
[       OK ] DenseObjTest.MatrixMultiplication (0 ms)
[ RUN      ] DenseObjTest.Transpose
[       OK ] DenseObjTest.Transpose (0 ms)
[ RUN      ] DenseObjTest.IncompatibleDimensionsMultiplication
[       OK ] DenseObjTest.IncompatibleDimensionsMultiplication (0 ms)
[ RUN      ] DenseObjTest.ElementAccess
[       OK ] DenseObjTest.ElementAccess (0 ms)
[ RUN      ] DenseObjTest.GetColumn
[       OK ] DenseObjTest.GetColumn (0 ms)
[----------] 10 tests from DenseObjTest (0 ms total)

[----------] Global test environment tear-down
[==========] 10 tests from 1 test suite ran. (0 ms total)
[  PASSED  ] 10 tests.
<end of output>
Test time =   0.00 sec
----------------------------------------------------------
Test Passed.
"matrix_obj_test" end time: Jan 03 13:12 +08
"matrix_obj_test" time elapsed: 00:00:00
----------------------------------------------------------

2/9 Testing: basic_test
2/9 Test: basic_test
Command: "/Users/yincheangng/worksapce/Github/MyAlgorithmicToolkit/build/basic_test"
Directory: /Users/yincheangng/worksapce/Github/MyAlgorithmicToolkit/build
"basic_test" start time: Jan 03 13:12 +08
Output:
----------------------------------------------------------
[==========] Running 8 tests from 1 test suite.
[----------] Global test environment set-up.
[----------] 8 tests from MyTest
[ RUN      ] MyTest.RayleighQuotientTest
[       OK ] MyTest.RayleighQuotientTest (0 ms)
[ RUN      ] MyTest.PowerIterTest
[       OK ] MyTest.PowerIterTest (0 ms)
[ RUN      ] MyTest.GramSchmidtTest
[       OK ] MyTest.GramSchmidtTest (0 ms)
[ RUN      ] MyTest.GenUnitVecTest
[       OK ] MyTest.GenUnitVecTest (0 ms)
[ RUN      ] MyTest.GenUnitMatTest
[       OK ] MyTest.GenUnitMatTest (0 ms)
[ RUN      ] MyTest.SignTest
[       OK ] MyTest.SignTest (0 ms)
[ RUN      ] MyTest.HouseholderTransformTest
[       OK ] MyTest.HouseholderTransformTest (0 ms)
[ RUN      ] MyTest.QrFactorizationTest
[       OK ] MyTest.QrFactorizationTest (0 ms)
[----------] 8 tests from MyTest (0 ms total)

[----------] Global test environment tear-down
[==========] 8 tests from 1 test suite ran. (0 ms total)
[  PASSED  ] 8 tests.
<end of output>
Test time =   0.00 sec
----------------------------------------------------------
Test Passed.
"basic_test" end time: Jan 03 13:12 +08
"basic_test" time elapsed: 00:00:00
----------------------------------------------------------

3/9 Testing: debuglogger
3/9 Test: debuglogger
Command: "/Users/yincheangng/worksapce/Github/MyAlgorithmicToolkit/build/debuglogger"
Directory: /Users/yincheangng/worksapce/Github/MyAlgorithmicToolkit/build
"debuglogger" start time: Jan 03 13:12 +08
Output:
----------------------------------------------------------
[==========] Running 1 test from 1 test suite.
[----------] Global test environment set-up.
[----------] 1 test from Solver
[ RUN      ] Solver.DebuggingIntermediateSteps
Iteration 0:
  Residual norm: 2.56474
  Alpha: 0.304511
  Solution: [2.43609, 2.7406, 1.21805, 0.304511]
Iteration 1:
  Residual norm: 0.756683
  Alpha: 0.355828
  Solution: [1.93098, 3.14754, 1.83232, 0.566434]
Iteration 2:
  Residual norm: 0.245748
  Alpha: 0.491293
  Solution: [2.00591, 2.97899, 2.0709, 0.81092]
Iteration 3:
  Residual norm: 3.64688e-16
  Alpha: 0.782717
  Solution: [2, 3, 2, 1]
[       OK ] Solver.DebuggingIntermediateSteps (0 ms)
[----------] 1 test from Solver (0 ms total)

[----------] Global test environment tear-down
[==========] 1 test from 1 test suite ran. (0 ms total)
[  PASSED  ] 1 test.
<end of output>
Test time =   0.00 sec
----------------------------------------------------------
Test Passed.
"debuglogger" end time: Jan 03 13:12 +08
"debuglogger" time elapsed: 00:00:00
----------------------------------------------------------

4/9 Testing: itersolver_test
4/9 Test: itersolver_test
Command: "/Users/yincheangng/worksapce/Github/MyAlgorithmicToolkit/build/itersolver_test"
Directory: /Users/yincheangng/worksapce/Github/MyAlgorithmicToolkit/build
"itersolver_test" start time: Jan 03 13:12 +08
Output:
----------------------------------------------------------
[==========] Running 3 tests from 2 test suites.
[----------] Global test environment set-up.
[----------] 2 tests from GradientDescentSolverTest
[ RUN      ] GradientDescentSolverTest.SimpleTestWithPreconditioner
[       OK ] GradientDescentSolverTest.SimpleTestWithPreconditioner (0 ms)
[ RUN      ] GradientDescentSolverTest.ConvergenceCheckEarlyStopping
[       OK ] GradientDescentSolverTest.ConvergenceCheckEarlyStopping (0 ms)
[----------] 2 tests from GradientDescentSolverTest (0 ms total)

[----------] 1 test from StaticIterMethodTest
[ RUN      ] StaticIterMethodTest.JacobiMethodConvergence
[       OK ] StaticIterMethodTest.JacobiMethodConvergence (0 ms)
[----------] 1 test from StaticIterMethodTest (0 ms total)

[----------] Global test environment tear-down
[==========] 3 tests from 2 test suites ran. (0 ms total)
[  PASSED  ] 3 tests.
<end of output>
Test time =   0.00 sec
----------------------------------------------------------
Test Passed.
"itersolver_test" end time: Jan 03 13:12 +08
"itersolver_test" time elapsed: 00:00:00
----------------------------------------------------------

5/9 Testing: LU_test
5/9 Test: LU_test
Command: "/Users/yincheangng/worksapce/Github/MyAlgorithmicToolkit/build/LU_test"
Directory: /Users/yincheangng/worksapce/Github/MyAlgorithmicToolkit/build
"LU_test" start time: Jan 03 13:12 +08
Output:
----------------------------------------------------------
[==========] Running 1 test from 1 test suite.
[----------] Global test environment set-up.
[----------] 1 test from LUDecomposition
[ RUN      ] LUDecomposition.SquareMatrix
[       OK ] LUDecomposition.SquareMatrix (0 ms)
[----------] 1 test from LUDecomposition (0 ms total)

[----------] Global test environment tear-down
[==========] 1 test from 1 test suite ran. (0 ms total)
[  PASSED  ] 1 test.
<end of output>
Test time =   0.00 sec
----------------------------------------------------------
Test Passed.
"LU_test" end time: Jan 03 13:12 +08
"LU_test" time elapsed: 00:00:00
----------------------------------------------------------

6/9 Testing: KrylovSubspace_test
6/9 Test: KrylovSubspace_test
Command: "/Users/yincheangng/worksapce/Github/MyAlgorithmicToolkit/build/KrylovSubspace_test"
Directory: /Users/yincheangng/worksapce/Github/MyAlgorithmicToolkit/build
"KrylovSubspace_test" start time: Jan 03 13:12 +08
Output:
----------------------------------------------------------
[==========] Running 4 tests from 1 test suite.
[----------] Global test environment set-up.
[----------] 4 tests from ArnoldiTest
[ RUN      ] ArnoldiTest.OrthogonalityCheck
Breakdown: Norm below tolerance at iteration 1
[       OK ] ArnoldiTest.OrthogonalityCheck (0 ms)
[ RUN      ] ArnoldiTest.HessenbergStructure
Breakdown: Norm below tolerance at iteration 1
[       OK ] ArnoldiTest.HessenbergStructure (0 ms)
[ RUN      ] ArnoldiTest.BreakdownTolerance
Breakdown: Norm below tolerance at iteration 1
[       OK ] ArnoldiTest.BreakdownTolerance (0 ms)
[ RUN      ] ArnoldiTest.KnownExample
Breakdown: Norm below tolerance at iteration 4
[       OK ] ArnoldiTest.KnownExample (0 ms)
[----------] 4 tests from ArnoldiTest (0 ms total)

[----------] Global test environment tear-down
[==========] 4 tests from 1 test suite ran. (0 ms total)
[  PASSED  ] 4 tests.
<end of output>
Test time =   0.00 sec
----------------------------------------------------------
Test Passed.
"KrylovSubspace_test" end time: Jan 03 13:12 +08
"KrylovSubspace_test" time elapsed: 00:00:00
----------------------------------------------------------

7/9 Testing: ConjugateGradient_test
7/9 Test: ConjugateGradient_test
Command: "/Users/yincheangng/worksapce/Github/MyAlgorithmicToolkit/build/ConjugateGradient_test"
Directory: /Users/yincheangng/worksapce/Github/MyAlgorithmicToolkit/build
"ConjugateGradient_test" start time: Jan 03 13:12 +08
Output:
----------------------------------------------------------
[==========] Running 3 tests from 1 test suite.
[----------] Global test environment set-up.
[----------] 3 tests from ConjugateGradientTest
[ RUN      ] ConjugateGradientTest.SolvesSPDMatrix
Iteration 0:
  Residual norm: 2.56474
  Alpha: 0.304511
  Solution: [2.43609, 2.7406, 1.21805, 0.304511]
Iteration 1:
  Residual norm: 0.756683
  Alpha: 0.355828
  Solution: [1.93098, 3.14754, 1.83232, 0.566434]
Iteration 2:
  Residual norm: 0.245748
  Alpha: 0.491293
  Solution: [2.00591, 2.97899, 2.0709, 0.81092]
Iteration 3:
  Residual norm: 3.64688e-16
  Alpha: 0.782717
  Solution: [2, 3, 2, 1]
[       OK ] ConjugateGradientTest.SolvesSPDMatrix (0 ms)
[ RUN      ] ConjugateGradientTest.ZeroRHS
[       OK ] ConjugateGradientTest.ZeroRHS (0 ms)
[ RUN      ] ConjugateGradientTest.SingleIteration
Iteration 0:
  Residual norm: 2.56474
  Alpha: 0.304511
  Solution: [2.43609, 2.7406, 1.21805, 0.304511]
[       OK ] ConjugateGradientTest.SingleIteration (0 ms)
[----------] 3 tests from ConjugateGradientTest (0 ms total)

[----------] Global test environment tear-down
[==========] 3 tests from 1 test suite ran. (0 ms total)
[  PASSED  ] 3 tests.
<end of output>
Test time =   0.00 sec
----------------------------------------------------------
Test Passed.
"ConjugateGradient_test" end time: Jan 03 13:12 +08
"ConjugateGradient_test" time elapsed: 00:00:00
----------------------------------------------------------

8/9 Testing: SparseMatrixCSCTest
8/9 Test: SparseMatrixCSCTest
Command: "/Users/yincheangng/worksapce/Github/MyAlgorithmicToolkit/build/SparseMatrixCSCTest"
Directory: /Users/yincheangng/worksapce/Github/MyAlgorithmicToolkit/build
"SparseMatrixCSCTest" start time: Jan 03 13:12 +08
Output:
----------------------------------------------------------
[==========] Running 7 tests from 1 test suite.
[----------] Global test environment set-up.
[----------] 7 tests from SparseMatrixCSCTest
[ RUN      ] SparseMatrixCSCTest.ElementAccess
[       OK ] SparseMatrixCSCTest.ElementAccess (0 ms)
[ RUN      ] SparseMatrixCSCTest.MatrixAddition
[       OK ] SparseMatrixCSCTest.MatrixAddition (0 ms)
[ RUN      ] SparseMatrixCSCTest.MatrixMultiplication
[       OK ] SparseMatrixCSCTest.MatrixMultiplication (0 ms)
[ RUN      ] SparseMatrixCSCTest.GetColumn
[       OK ] SparseMatrixCSCTest.GetColumn (0 ms)
[ RUN      ] SparseMatrixCSCTest.OutOfBoundsAccess
[       OK ] SparseMatrixCSCTest.OutOfBoundsAccess (0 ms)
[ RUN      ] SparseMatrixCSCTest.IncompatibleMatrixAddition
[       OK ] SparseMatrixCSCTest.IncompatibleMatrixAddition (0 ms)
[ RUN      ] SparseMatrixCSCTest.IncompatibleMatrixMultiplication
[       OK ] SparseMatrixCSCTest.IncompatibleMatrixMultiplication (0 ms)
[----------] 7 tests from SparseMatrixCSCTest (0 ms total)

[----------] Global test environment tear-down
[==========] 7 tests from 1 test suite ran. (0 ms total)
[  PASSED  ] 7 tests.
<end of output>
Test time =   0.00 sec
----------------------------------------------------------
Test Passed.
"SparseMatrixCSCTest" end time: Jan 03 13:12 +08
"SparseMatrixCSCTest" time elapsed: 00:00:00
----------------------------------------------------------

9/9 Testing: GMRES_test
9/9 Test: GMRES_test
Command: "/Users/yincheangng/worksapce/Github/MyAlgorithmicToolkit/build/GMRES_test"
Directory: /Users/yincheangng/worksapce/Github/MyAlgorithmicToolkit/build
"GMRES_test" start time: Jan 03 13:12 +08
Output:
----------------------------------------------------------
[==========] Running 5 tests from 1 test suite.
[----------] Global test environment set-up.
[----------] 5 tests from GMRESTest
[ RUN      ] GMRESTest.BasicSolverTest
Initial residual norm: 7.87401
Iteration 0, w: 2.98653
H(0, 0): 2.98387, w: 0.125972
H(1, 0): 0.125972
Residual norm at inner iteration 0: 0.332126
Iteration 1, w: 2.02006
H(0, 1): 0.125972, w: 2.01613
H(1, 1): 2.01613, w: 2.93173e-15
H(2, 1): 2.93173e-15
Residual norm at inner iteration 1: 9.65053e-16
Converged at iteration 1
/Users/yincheangng/worksapce/Github/MyAlgorithmicToolkit/main/GMRES_test.cpp:48: Failure
The difference between x[0] and 0.61403509 is 0.26580968557206369, which exceeds 1e-5, where
x[0] evaluates to 0.34822540442793631,
0.61403509 evaluates to 0.61403509000000001, and
1e-5 evaluates to 1.0000000000000001e-05.

/Users/yincheangng/worksapce/Github/MyAlgorithmicToolkit/main/GMRES_test.cpp:49: Failure
The difference between x[1] and 1.45614035 is 1.2060771369263477, which exceeds 1e-5, where
x[1] evaluates to 2.6622174869263477,
1.45614035 evaluates to 1.4561403500000001, and
1e-5 evaluates to 1.0000000000000001e-05.

/Users/yincheangng/worksapce/Github/MyAlgorithmicToolkit/main/GMRES_test.cpp:50: Failure
The difference between x[2] and 0.21052632 is 0.19265583468647729, which exceeds 1e-5, where
x[2] evaluates to 0.017870485313522713,
0.21052632 evaluates to 0.21052631999999999, and
1e-5 evaluates to 1.0000000000000001e-05.

[  FAILED  ] GMRESTest.BasicSolverTest (0 ms)
[ RUN      ] GMRESTest.ZeroRHSTest
Initial residual norm: 0
Initial guess is good enough.
[       OK ] GMRESTest.ZeroRHSTest (0 ms)
[ RUN      ] GMRESTest.ConvergenceTest
Initial residual norm: 7.87401
Iteration 0, w: 2.98653
H(0, 0): 2.98387, w: 0.125972
H(1, 0): 0.125972
Residual norm at inner iteration 0: 0.332126
Iteration 1, w: 2.02006
H(0, 1): 0.125972, w: 2.01613
H(1, 1): 2.01613, w: 2.93173e-15
H(2, 1): 2.93173e-15
Residual norm at inner iteration 1: 9.65053e-16
Converged at iteration 1
/Users/yincheangng/worksapce/Github/MyAlgorithmicToolkit/main/GMRES_test.cpp:72: Failure
Expected: (residual_norm) < (1e-6), actual: 0.33185569830913936 vs 1e-06

[  FAILED  ] GMRESTest.ConvergenceTest (0 ms)
[ RUN      ] GMRESTest.DimensionMismatchTest
[       OK ] GMRESTest.DimensionMismatchTest (0 ms)
[ RUN      ] GMRESTest.KrylovDimensionTest
Initial residual norm: 7.87401
Iteration 0, w: 2.98653
H(0, 0): 2.98387, w: 0.125972
H(1, 0): 0.125972
Residual norm at inner iteration 0: 0.332126
Residual norm after restart: 0.3322 2.35748
Iteration 1, w: 2.01401
H(0, 0): 2.98387, w: 0.978324
H(1, 0): 0.978324
Residual norm at inner iteration 0: 0.103498
Residual norm after restart: 0.119948 2.46265
Iteration 2, w: 2.00021
H(0, 0): 2.98387, w: 0.983786
H(1, 0): 0.125972
Residual norm at inner iteration 0: 0.00505942
Residual norm after restart: 0.0396187 2.50249
Iteration 3, w: 2
H(0, 0): 2.98387, w: 0.983871
H(1, 0): 0.983871
Residual norm at inner iteration 0: 0.0124064
Residual norm after restart: 0.0143991 2.51499
Iteration 4, w: 2
H(0, 0): 2.98387, w: 0.983871
H(1, 0): 0.983786
Residual norm at inner iteration 0: 0.00450866
Residual norm after restart: 0.00523313 2.51953
Iteration 5, w: 2
H(0, 0): 2.98387, w: 0.983871
H(1, 0): 0.983871
Residual norm at inner iteration 0: 0.00163873
Residual norm after restart: 0.00190193 2.52118
Iteration 6, w: 2
H(0, 0): 2.98387, w: 0.983871
H(1, 0): 0.978324
Residual norm at inner iteration 0: 0.000592552
Residual norm after restart: 0.000690573 2.52178
Iteration 7, w: 2
H(0, 0): 2.98387, w: 0.983871
H(1, 0): 0.983871
Residual norm at inner iteration 0: 0.00021625
Residual norm after restart: 0.000250982 2.522
Iteration 8, w: 2
H(0, 0): 2.98387, w: 0.983871
H(1, 0): 0.983871
Residual norm at inner iteration 0: 7.85941e-05
Residual norm after restart: 9.12173e-05 2.52208
Iteration 9, w: 2
H(0, 0): 2.98387, w: 0.983871
H(1, 0): 0.983871
Residual norm at inner iteration 0: 2.85643e-05
Residual norm after restart: 3.31521e-05 2.52211
Iteration 10, w: 2
H(0, 0): 2.98387, w: 0.983871
H(1, 0): 0.125972
Residual norm at inner iteration 0: 1.39836e-06
Residual norm after restart: 1.0951e-05 2.52212
Iteration 11, w: 2
H(0, 0): 2.98387, w: 0.983871
H(1, 0): 0.983871
Residual norm at inner iteration 0: 3.42926e-06
Residual norm after restart: 3.98005e-06 2.52212
Iteration 12, w: 2
H(0, 0): 2.98387, w: 0.983871
H(1, 0): 0.983871
Residual norm at inner iteration 0: 1.24634e-06
Residual norm after restart: 1.44651e-06 2.52212
Iteration 13, w: 2
H(0, 0): 2.98387, w: 0.983871
H(1, 0): 0.983871
Residual norm at inner iteration 0: 4.52969e-07
Converged at iteration 13
Initial residual norm: 7.87401
Iteration 0, w: 2.98653
H(0, 0): 2.98387, w: 0.125972
H(1, 0): 0.125972
Residual norm at inner iteration 0: 0.332126
Iteration 1, w: 2.02006
H(0, 1): 0.125972, w: 2.01613
H(1, 1): 2.01613, w: 2.93173e-15
H(2, 1): 2.93173e-15
Residual norm at inner iteration 1: 9.65053e-16
Converged at iteration 1
/Users/yincheangng/worksapce/Github/MyAlgorithmicToolkit/main/GMRES_test.cpp:88: Failure
Expected: (residual.L2norm()) < (1e-6), actual: 0.33185569830913936 vs 1e-06

Initial residual norm: 7.87401
Iteration 0, w: 2.98653
H(0, 0): 2.98387, w: 0.125972
H(1, 0): 0.125972
Residual norm at inner iteration 0: 0.332126
Iteration 1, w: 2.02006
H(0, 1): 0.125972, w: 2.01613
H(1, 1): 2.01613, w: 2.93173e-15
H(2, 1): 2.93173e-15
Residual norm at inner iteration 1: 9.65053e-16
Converged at iteration 1
/Users/yincheangng/worksapce/Github/MyAlgorithmicToolkit/main/GMRES_test.cpp:88: Failure
Expected: (residual.L2norm()) < (1e-6), actual: 0.33185569830913936 vs 1e-06

[  FAILED  ] GMRESTest.KrylovDimensionTest (0 ms)
[----------] 5 tests from GMRESTest (0 ms total)

[----------] Global test environment tear-down
[==========] 5 tests from 1 test suite ran. (0 ms total)
[  PASSED  ] 2 tests.
[  FAILED  ] 3 tests, listed below:
[  FAILED  ] GMRESTest.BasicSolverTest
[  FAILED  ] GMRESTest.ConvergenceTest
[  FAILED  ] GMRESTest.KrylovDimensionTest

 3 FAILED TESTS
<end of output>
Test time =   0.33 sec
----------------------------------------------------------
Test Failed.
"GMRES_test" end time: Jan 03 13:12 +08
"GMRES_test" time elapsed: 00:00:00
----------------------------------------------------------

End testing: Jan 03 13:12 +08
