Start testing: Dec 19 10:51 +08
----------------------------------------------------------
1/9 Testing: matrix_obj_test
1/9 Test: matrix_obj_test
Command: "/Users/yincheangng/worksapce/Github/MyAlgorithmicToolkit/build/matrix_obj_test"
Directory: /Users/yincheangng/worksapce/Github/MyAlgorithmicToolkit/build
"matrix_obj_test" start time: Dec 19 10:51 +08
Output:
----------------------------------------------------------
[==========] Running 10 tests from 1 test suite.
[----------] Global test environment set-up.
[----------] 10 tests from DenseObjTest
[ RUN      ] DenseObjTest.DefaultConstructor
[       OK ] DenseObjTest.DefaultConstructor (0 ms)
[ RUN      ] DenseObjTest.GetDimensions
[       OK ] DenseObjTest.GetDimensions (0 ms)
[ RUN      ] DenseObjTest.Addition
[       OK ] DenseObjTest.Addition (0 ms)
[ RUN      ] DenseObjTest.Subtraction
[       OK ] DenseObjTest.Subtraction (0 ms)
[ RUN      ] DenseObjTest.ScalarMultiplication
[       OK ] DenseObjTest.ScalarMultiplication (0 ms)
[ RUN      ] DenseObjTest.MatrixMultiplication
[       OK ] DenseObjTest.MatrixMultiplication (0 ms)
[ RUN      ] DenseObjTest.Transpose
[       OK ] DenseObjTest.Transpose (0 ms)
[ RUN      ] DenseObjTest.IncompatibleDimensionsMultiplication
[       OK ] DenseObjTest.IncompatibleDimensionsMultiplication (0 ms)
[ RUN      ] DenseObjTest.ElementAccess
[       OK ] DenseObjTest.ElementAccess (0 ms)
[ RUN      ] DenseObjTest.GetColumn
[       OK ] DenseObjTest.GetColumn (0 ms)
[----------] 10 tests from DenseObjTest (0 ms total)

[----------] Global test environment tear-down
[==========] 10 tests from 1 test suite ran. (0 ms total)
[  PASSED  ] 10 tests.
<end of output>
Test time =   0.00 sec
----------------------------------------------------------
Test Passed.
"matrix_obj_test" end time: Dec 19 10:51 +08
"matrix_obj_test" time elapsed: 00:00:00
----------------------------------------------------------

2/9 Testing: SparseMatrixCSCTest
2/9 Test: SparseMatrixCSCTest
Command: "/Users/yincheangng/worksapce/Github/MyAlgorithmicToolkit/build/SparseMatrixCSCTest"
Directory: /Users/yincheangng/worksapce/Github/MyAlgorithmicToolkit/build
"SparseMatrixCSCTest" start time: Dec 19 10:51 +08
Output:
----------------------------------------------------------
[==========] Running 7 tests from 1 test suite.
[----------] Global test environment set-up.
[----------] 7 tests from SparseMatrixCSCTest
[ RUN      ] SparseMatrixCSCTest.ElementAccess
[       OK ] SparseMatrixCSCTest.ElementAccess (0 ms)
[ RUN      ] SparseMatrixCSCTest.MatrixAddition
[       OK ] SparseMatrixCSCTest.MatrixAddition (0 ms)
[ RUN      ] SparseMatrixCSCTest.MatrixMultiplication
[       OK ] SparseMatrixCSCTest.MatrixMultiplication (0 ms)
[ RUN      ] SparseMatrixCSCTest.GetColumn
[       OK ] SparseMatrixCSCTest.GetColumn (0 ms)
[ RUN      ] SparseMatrixCSCTest.OutOfBoundsAccess
[       OK ] SparseMatrixCSCTest.OutOfBoundsAccess (0 ms)
[ RUN      ] SparseMatrixCSCTest.IncompatibleMatrixAddition
[       OK ] SparseMatrixCSCTest.IncompatibleMatrixAddition (0 ms)
[ RUN      ] SparseMatrixCSCTest.IncompatibleMatrixMultiplication
[       OK ] SparseMatrixCSCTest.IncompatibleMatrixMultiplication (0 ms)
[----------] 7 tests from SparseMatrixCSCTest (0 ms total)

[----------] Global test environment tear-down
[==========] 7 tests from 1 test suite ran. (0 ms total)
[  PASSED  ] 7 tests.
<end of output>
Test time =   0.41 sec
----------------------------------------------------------
Test Passed.
"SparseMatrixCSCTest" end time: Dec 19 10:51 +08
"SparseMatrixCSCTest" time elapsed: 00:00:00
----------------------------------------------------------

3/9 Testing: basic_test
3/9 Test: basic_test
Command: "/Users/yincheangng/worksapce/Github/MyAlgorithmicToolkit/build/basic_test"
Directory: /Users/yincheangng/worksapce/Github/MyAlgorithmicToolkit/build
"basic_test" start time: Dec 19 10:51 +08
Output:
----------------------------------------------------------
[==========] Running 8 tests from 1 test suite.
[----------] Global test environment set-up.
[----------] 8 tests from MyTest
[ RUN      ] MyTest.RayleighQuotientTest
[       OK ] MyTest.RayleighQuotientTest (0 ms)
[ RUN      ] MyTest.PowerIterTest
[       OK ] MyTest.PowerIterTest (0 ms)
[ RUN      ] MyTest.GramSchmidtTest
[       OK ] MyTest.GramSchmidtTest (0 ms)
[ RUN      ] MyTest.GenUnitVecTest
[       OK ] MyTest.GenUnitVecTest (0 ms)
[ RUN      ] MyTest.GenUnitMatTest
[       OK ] MyTest.GenUnitMatTest (0 ms)
[ RUN      ] MyTest.SignTest
[       OK ] MyTest.SignTest (0 ms)
[ RUN      ] MyTest.HouseholderTransformTest
[       OK ] MyTest.HouseholderTransformTest (0 ms)
[ RUN      ] MyTest.QrFactorizationTest
[       OK ] MyTest.QrFactorizationTest (0 ms)
[----------] 8 tests from MyTest (0 ms total)

[----------] Global test environment tear-down
[==========] 8 tests from 1 test suite ran. (0 ms total)
[  PASSED  ] 8 tests.
<end of output>
Test time =   0.01 sec
----------------------------------------------------------
Test Passed.
"basic_test" end time: Dec 19 10:51 +08
"basic_test" time elapsed: 00:00:00
----------------------------------------------------------

4/9 Testing: debuglogger
4/9 Test: debuglogger
Command: "/Users/yincheangng/worksapce/Github/MyAlgorithmicToolkit/build/debuglogger"
Directory: /Users/yincheangng/worksapce/Github/MyAlgorithmicToolkit/build
"debuglogger" start time: Dec 19 10:51 +08
Output:
----------------------------------------------------------
[==========] Running 1 test from 1 test suite.
[----------] Global test environment set-up.
[----------] 1 test from Solver
[ RUN      ] Solver.DebuggingIntermediateSteps
Iteration 0:
  Residual norm: 2.56474
  Alpha: 0.304511
  Solution: [2.43609, 2.7406, 1.21805, 0.304511]
Iteration 1:
  Residual norm: 0.756683
  Alpha: 0.355828
  Solution: [1.93098, 3.14754, 1.83232, 0.566434]
Iteration 2:
  Residual norm: 0.245748
  Alpha: 0.491293
  Solution: [2.00591, 2.97899, 2.0709, 0.81092]
Iteration 3:
  Residual norm: 3.64688e-16
  Alpha: 0.782717
  Solution: [2, 3, 2, 1]
[       OK ] Solver.DebuggingIntermediateSteps (0 ms)
[----------] 1 test from Solver (0 ms total)

[----------] Global test environment tear-down
[==========] 1 test from 1 test suite ran. (0 ms total)
[  PASSED  ] 1 test.
<end of output>
Test time =   0.00 sec
----------------------------------------------------------
Test Passed.
"debuglogger" end time: Dec 19 10:51 +08
"debuglogger" time elapsed: 00:00:00
----------------------------------------------------------

5/9 Testing: itersolver_test
5/9 Test: itersolver_test
Command: "/Users/yincheangng/worksapce/Github/MyAlgorithmicToolkit/build/itersolver_test"
Directory: /Users/yincheangng/worksapce/Github/MyAlgorithmicToolkit/build
"itersolver_test" start time: Dec 19 10:51 +08
Output:
----------------------------------------------------------
[==========] Running 3 tests from 2 test suites.
[----------] Global test environment set-up.
[----------] 2 tests from GradientDescentSolverTest
[ RUN      ] GradientDescentSolverTest.SimpleTestWithPreconditioner
[       OK ] GradientDescentSolverTest.SimpleTestWithPreconditioner (0 ms)
[ RUN      ] GradientDescentSolverTest.ConvergenceCheckEarlyStopping
[       OK ] GradientDescentSolverTest.ConvergenceCheckEarlyStopping (0 ms)
[----------] 2 tests from GradientDescentSolverTest (0 ms total)

[----------] 1 test from StaticIterMethodTest
[ RUN      ] StaticIterMethodTest.JacobiMethodConvergence
[       OK ] StaticIterMethodTest.JacobiMethodConvergence (0 ms)
[----------] 1 test from StaticIterMethodTest (0 ms total)

[----------] Global test environment tear-down
[==========] 3 tests from 2 test suites ran. (0 ms total)
[  PASSED  ] 3 tests.
<end of output>
Test time =   0.00 sec
----------------------------------------------------------
Test Passed.
"itersolver_test" end time: Dec 19 10:51 +08
"itersolver_test" time elapsed: 00:00:00
----------------------------------------------------------

6/9 Testing: LU_test
6/9 Test: LU_test
Command: "/Users/yincheangng/worksapce/Github/MyAlgorithmicToolkit/build/LU_test"
Directory: /Users/yincheangng/worksapce/Github/MyAlgorithmicToolkit/build
"LU_test" start time: Dec 19 10:51 +08
Output:
----------------------------------------------------------
[==========] Running 1 test from 1 test suite.
[----------] Global test environment set-up.
[----------] 1 test from LUDecomposition
[ RUN      ] LUDecomposition.SquareMatrix
[       OK ] LUDecomposition.SquareMatrix (0 ms)
[----------] 1 test from LUDecomposition (0 ms total)

[----------] Global test environment tear-down
[==========] 1 test from 1 test suite ran. (0 ms total)
[  PASSED  ] 1 test.
<end of output>
Test time =   0.27 sec
----------------------------------------------------------
Test Passed.
"LU_test" end time: Dec 19 10:51 +08
"LU_test" time elapsed: 00:00:00
----------------------------------------------------------

7/9 Testing: KrylovSubspace_test
7/9 Test: KrylovSubspace_test
Command: "/Users/yincheangng/worksapce/Github/MyAlgorithmicToolkit/build/KrylovSubspace_test"
Directory: /Users/yincheangng/worksapce/Github/MyAlgorithmicToolkit/build
"KrylovSubspace_test" start time: Dec 19 10:51 +08
Output:
----------------------------------------------------------
[==========] Running 4 tests from 1 test suite.
[----------] Global test environment set-up.
[----------] 4 tests from ArnoldiTest
[ RUN      ] ArnoldiTest.OrthogonalityCheck
Breakdown: Norm below tolerance at iteration 1
[       OK ] ArnoldiTest.OrthogonalityCheck (0 ms)
[ RUN      ] ArnoldiTest.HessenbergStructure
Breakdown: Norm below tolerance at iteration 1
[       OK ] ArnoldiTest.HessenbergStructure (0 ms)
[ RUN      ] ArnoldiTest.BreakdownTolerance
Breakdown: Norm below tolerance at iteration 1
[       OK ] ArnoldiTest.BreakdownTolerance (0 ms)
[ RUN      ] ArnoldiTest.KnownExample
Breakdown: Norm below tolerance at iteration 4
[       OK ] ArnoldiTest.KnownExample (0 ms)
[----------] 4 tests from ArnoldiTest (0 ms total)

[----------] Global test environment tear-down
[==========] 4 tests from 1 test suite ran. (0 ms total)
[  PASSED  ] 4 tests.
<end of output>
Test time =   0.30 sec
----------------------------------------------------------
Test Passed.
"KrylovSubspace_test" end time: Dec 19 10:51 +08
"KrylovSubspace_test" time elapsed: 00:00:00
----------------------------------------------------------

8/9 Testing: ConjugateGradient_test
8/9 Test: ConjugateGradient_test
Command: "/Users/yincheangng/worksapce/Github/MyAlgorithmicToolkit/build/ConjugateGradient_test"
Directory: /Users/yincheangng/worksapce/Github/MyAlgorithmicToolkit/build
"ConjugateGradient_test" start time: Dec 19 10:51 +08
Output:
----------------------------------------------------------
[==========] Running 3 tests from 1 test suite.
[----------] Global test environment set-up.
[----------] 3 tests from ConjugateGradientTest
[ RUN      ] ConjugateGradientTest.SolvesSPDMatrix
Iteration 0:
  Residual norm: 2.56474
  Alpha: 0.304511
  Solution: [2.43609, 2.7406, 1.21805, 0.304511]
Iteration 1:
  Residual norm: 0.756683
  Alpha: 0.355828
  Solution: [1.93098, 3.14754, 1.83232, 0.566434]
Iteration 2:
  Residual norm: 0.245748
  Alpha: 0.491293
  Solution: [2.00591, 2.97899, 2.0709, 0.81092]
Iteration 3:
  Residual norm: 3.64688e-16
  Alpha: 0.782717
  Solution: [2, 3, 2, 1]
[       OK ] ConjugateGradientTest.SolvesSPDMatrix (0 ms)
[ RUN      ] ConjugateGradientTest.ZeroRHS
[       OK ] ConjugateGradientTest.ZeroRHS (0 ms)
[ RUN      ] ConjugateGradientTest.SingleIteration
Iteration 0:
  Residual norm: 2.56474
  Alpha: 0.304511
  Solution: [2.43609, 2.7406, 1.21805, 0.304511]
[       OK ] ConjugateGradientTest.SingleIteration (0 ms)
[----------] 3 tests from ConjugateGradientTest (0 ms total)

[----------] Global test environment tear-down
[==========] 3 tests from 1 test suite ran. (0 ms total)
[  PASSED  ] 3 tests.
<end of output>
Test time =   0.26 sec
----------------------------------------------------------
Test Passed.
"ConjugateGradient_test" end time: Dec 19 10:51 +08
"ConjugateGradient_test" time elapsed: 00:00:00
----------------------------------------------------------

9/9 Testing: MultiGrid_test
9/9 Test: MultiGrid_test
Command: "/Users/yincheangng/worksapce/Github/MyAlgorithmicToolkit/build/MultiGrid_test"
Directory: /Users/yincheangng/worksapce/Github/MyAlgorithmicToolkit/build
"MultiGrid_test" start time: Dec 19 10:51 +08
Output:
----------------------------------------------------------
[==========] Running 3 tests from 1 test suite.
[----------] Global test environment set-up.
[----------] 3 tests from MultiGridTest
[ RUN      ] MultiGridTest.SolvesSimpleDiagonalMatrix
[       OK ] MultiGridTest.SolvesSimpleDiagonalMatrix (0 ms)
[ RUN      ] MultiGridTest.ZeroRHS
[       OK ] MultiGridTest.ZeroRHS (0 ms)
[ RUN      ] MultiGridTest.NonSquareMatrix
[       OK ] MultiGridTest.NonSquareMatrix (0 ms)
[----------] 3 tests from MultiGridTest (0 ms total)

[----------] Global test environment tear-down
[==========] 3 tests from 1 test suite ran. (0 ms total)
[  PASSED  ] 3 tests.
<end of output>
Test time =   0.27 sec
----------------------------------------------------------
Test Passed.
"MultiGrid_test" end time: Dec 19 10:51 +08
"MultiGrid_test" time elapsed: 00:00:00
----------------------------------------------------------

End testing: Dec 19 10:51 +08
