Start testing: Dec 17 09:22 +08
----------------------------------------------------------
1/10 Testing: matrix_obj_test
1/10 Test: matrix_obj_test
Command: "/Users/yincheangng/worksapce/Github/MyAlgorithmicToolkit/build/matrix_obj_test"
Directory: /Users/yincheangng/worksapce/Github/MyAlgorithmicToolkit/build
"matrix_obj_test" start time: Dec 17 09:22 +08
Output:
----------------------------------------------------------
[==========] Running 10 tests from 1 test suite.
[----------] Global test environment set-up.
[----------] 10 tests from MatrixObjTest
[ RUN      ] MatrixObjTest.DefaultConstructor
[       OK ] MatrixObjTest.DefaultConstructor (0 ms)
[ RUN      ] MatrixObjTest.GetDimensions
[       OK ] MatrixObjTest.GetDimensions (0 ms)
[ RUN      ] MatrixObjTest.Addition
[       OK ] MatrixObjTest.Addition (0 ms)
[ RUN      ] MatrixObjTest.Subtraction
[       OK ] MatrixObjTest.Subtraction (0 ms)
[ RUN      ] MatrixObjTest.ScalarMultiplication
[       OK ] MatrixObjTest.ScalarMultiplication (0 ms)
[ RUN      ] MatrixObjTest.MatrixMultiplication
/Users/yincheangng/worksapce/Github/MyAlgorithmicToolkit/main/matrix_obj_test.cpp:82: Failure
Expected equality of these values:
  result[0]
    Which is: 16
  10.0
    Which is: 10

/Users/yincheangng/worksapce/Github/MyAlgorithmicToolkit/main/matrix_obj_test.cpp:83: Failure
Expected equality of these values:
  result[1]
    Which is: 22
  13.0
    Which is: 13

/Users/yincheangng/worksapce/Github/MyAlgorithmicToolkit/main/matrix_obj_test.cpp:84: Failure
Expected equality of these values:
  result[2]
    Which is: 34
  28.0
    Which is: 28

/Users/yincheangng/worksapce/Github/MyAlgorithmicToolkit/main/matrix_obj_test.cpp:85: Failure
Expected equality of these values:
  result[3]
    Which is: 49
  40.0
    Which is: 40

[  FAILED  ] MatrixObjTest.MatrixMultiplication (0 ms)
[ RUN      ] MatrixObjTest.Transpose
[       OK ] MatrixObjTest.Transpose (0 ms)
[ RUN      ] MatrixObjTest.IncompatibleDimensionsMultiplication
/Users/yincheangng/worksapce/Github/MyAlgorithmicToolkit/main/matrix_obj_test.cpp:103: Failure
Expected: matrix1 * matrix3 throws an exception of type std::invalid_argument.
  Actual: it throws nothing.

[  FAILED  ] MatrixObjTest.IncompatibleDimensionsMultiplication (0 ms)
[ RUN      ] MatrixObjTest.ElementAccess
[       OK ] MatrixObjTest.ElementAccess (0 ms)
[ RUN      ] MatrixObjTest.GetColumn
[       OK ] MatrixObjTest.GetColumn (0 ms)
[----------] 10 tests from MatrixObjTest (0 ms total)

[----------] Global test environment tear-down
[==========] 10 tests from 1 test suite ran. (0 ms total)
[  PASSED  ] 8 tests.
[  FAILED  ] 2 tests, listed below:
[  FAILED  ] MatrixObjTest.MatrixMultiplication
[  FAILED  ] MatrixObjTest.IncompatibleDimensionsMultiplication

 2 FAILED TESTS
<end of output>
Test time =   0.35 sec
----------------------------------------------------------
Test Failed.
"matrix_obj_test" end time: Dec 17 09:22 +08
"matrix_obj_test" time elapsed: 00:00:00
----------------------------------------------------------

2/10 Testing: SparseMatrixCSCTest
2/10 Test: SparseMatrixCSCTest
Command: "/Users/yincheangng/worksapce/Github/MyAlgorithmicToolkit/build/SparseMatrixCSCTest"
Directory: /Users/yincheangng/worksapce/Github/MyAlgorithmicToolkit/build
"SparseMatrixCSCTest" start time: Dec 17 09:22 +08
Output:
----------------------------------------------------------
[==========] Running 7 tests from 1 test suite.
[----------] Global test environment set-up.
[----------] 7 tests from SparseMatrixCSCTest
[ RUN      ] SparseMatrixCSCTest.ElementAccess
[       OK ] SparseMatrixCSCTest.ElementAccess (0 ms)
[ RUN      ] SparseMatrixCSCTest.MatrixAddition
/Users/yincheangng/worksapce/Github/MyAlgorithmicToolkit/main/SparseMatrixCSCTest.cpp:40: Failure
Expected equality of these values:
  matC(1, 1)
    Which is: 0
  7

/Users/yincheangng/worksapce/Github/MyAlgorithmicToolkit/main/SparseMatrixCSCTest.cpp:41: Failure
Expected equality of these values:
  matC(2, 2)
    Which is: 0
  9

[  FAILED  ] SparseMatrixCSCTest.MatrixAddition (0 ms)
[ RUN      ] SparseMatrixCSCTest.MatrixMultiplication
/Users/yincheangng/worksapce/Github/MyAlgorithmicToolkit/main/SparseMatrixCSCTest.cpp:55: Failure
Expected equality of these values:
  result(1, 2)
    Which is: 0
  6

[  FAILED  ] SparseMatrixCSCTest.MatrixMultiplication (0 ms)
[ RUN      ] SparseMatrixCSCTest.GetColumn
[       OK ] SparseMatrixCSCTest.GetColumn (0 ms)
[ RUN      ] SparseMatrixCSCTest.OutOfBoundsAccess
[       OK ] SparseMatrixCSCTest.OutOfBoundsAccess (0 ms)
[ RUN      ] SparseMatrixCSCTest.IncompatibleMatrixAddition
[       OK ] SparseMatrixCSCTest.IncompatibleMatrixAddition (0 ms)
[ RUN      ] SparseMatrixCSCTest.IncompatibleMatrixMultiplication
[       OK ] SparseMatrixCSCTest.IncompatibleMatrixMultiplication (0 ms)
[----------] 7 tests from SparseMatrixCSCTest (0 ms total)

[----------] Global test environment tear-down
[==========] 7 tests from 1 test suite ran. (0 ms total)
[  PASSED  ] 5 tests.
[  FAILED  ] 2 tests, listed below:
[  FAILED  ] SparseMatrixCSCTest.MatrixAddition
[  FAILED  ] SparseMatrixCSCTest.MatrixMultiplication

 2 FAILED TESTS
<end of output>
Test time =   0.01 sec
----------------------------------------------------------
Test Failed.
"SparseMatrixCSCTest" end time: Dec 17 09:22 +08
"SparseMatrixCSCTest" time elapsed: 00:00:00
----------------------------------------------------------

3/10 Testing: basic_test
3/10 Test: basic_test
Command: "/Users/yincheangng/worksapce/Github/MyAlgorithmicToolkit/build/basic_test"
Directory: /Users/yincheangng/worksapce/Github/MyAlgorithmicToolkit/build
"basic_test" start time: Dec 17 09:22 +08
Output:
----------------------------------------------------------
[==========] Running 8 tests from 1 test suite.
[----------] Global test environment set-up.
[----------] 8 tests from BasicTest
[ RUN      ] BasicTest.RayleighQuotientTest
[       OK ] BasicTest.RayleighQuotientTest (0 ms)
[ RUN      ] BasicTest.PowerIterTest
[       OK ] BasicTest.PowerIterTest (0 ms)
[ RUN      ] BasicTest.GramSmithTest
Starting Gram-Schmidt test...
Checking orthogonality for vector 0...
Checking orthogonality for vector 1...
Checking orthogonality for vector 2...
Gram-Schmidt test completed successfully.
[       OK ] BasicTest.GramSmithTest (0 ms)
[ RUN      ] BasicTest.GenUnitvecTest
[       OK ] BasicTest.GenUnitvecTest (0 ms)
[ RUN      ] BasicTest.GenUnitMatxTest
[       OK ] BasicTest.GenUnitMatxTest (0 ms)
[ RUN      ] BasicTest.SignTest
[       OK ] BasicTest.SignTest (0 ms)
[ RUN      ] BasicTest.HouseHTest
[       OK ] BasicTest.HouseHTest (0 ms)
[ RUN      ] BasicTest.QRFactTest



[       OK ] BasicTest.QRFactTest (0 ms)
[----------] 8 tests from BasicTest (0 ms total)

[----------] Global test environment tear-down
[==========] 8 tests from 1 test suite ran. (0 ms total)
[  PASSED  ] 8 tests.
<end of output>
Test time =   0.01 sec
----------------------------------------------------------
Test Passed.
"basic_test" end time: Dec 17 09:22 +08
"basic_test" time elapsed: 00:00:00
----------------------------------------------------------

4/10 Testing: itersolver_test
4/10 Test: itersolver_test
Command: "/Users/yincheangng/worksapce/Github/MyAlgorithmicToolkit/build/itersolver_test"
Directory: /Users/yincheangng/worksapce/Github/MyAlgorithmicToolkit/build
"itersolver_test" start time: Dec 17 09:22 +08
Output:
----------------------------------------------------------
[==========] Running 6 tests from 2 test suites.
[----------] Global test environment set-up.
[----------] 3 tests from GradientDesentTest
[ RUN      ] GradientDesentTest.Constructor
[       OK ] GradientDesentTest.Constructor (0 ms)
[ RUN      ] GradientDesentTest.CalGrad
[       OK ] GradientDesentTest.CalGrad (0 ms)
[ RUN      ] GradientDesentTest.Update
[       OK ] GradientDesentTest.Update (0 ms)
[----------] 3 tests from GradientDesentTest (1 ms total)

[----------] 3 tests from StaticIterMethodTest
[ RUN      ] StaticIterMethodTest.Constructor
[       OK ] StaticIterMethodTest.Constructor (0 ms)
[ RUN      ] StaticIterMethodTest.Substitution
[       OK ] StaticIterMethodTest.Substitution (0 ms)
[ RUN      ] StaticIterMethodTest.Update
[       OK ] StaticIterMethodTest.Update (1 ms)
[----------] 3 tests from StaticIterMethodTest (2 ms total)

[----------] Global test environment tear-down
[==========] 6 tests from 2 test suites ran. (3 ms total)
[  PASSED  ] 6 tests.
<end of output>
Test time =   0.01 sec
----------------------------------------------------------
Test Passed.
"itersolver_test" end time: Dec 17 09:22 +08
"itersolver_test" time elapsed: 00:00:00
----------------------------------------------------------

5/10 Testing: LU_test
5/10 Test: LU_test
Command: "/Users/yincheangng/worksapce/Github/MyAlgorithmicToolkit/build/LU_test"
Directory: /Users/yincheangng/worksapce/Github/MyAlgorithmicToolkit/build
"LU_test" start time: Dec 17 09:22 +08
Output:
----------------------------------------------------------
[==========] Running 2 tests from 1 test suite.
[----------] Global test environment set-up.
[----------] 2 tests from LUDecomposition
[ RUN      ] LUDecomposition.NonSquareMatrix
[       OK ] LUDecomposition.NonSquareMatrix (0 ms)
[ RUN      ] LUDecomposition.SquareMatrix
[       OK ] LUDecomposition.SquareMatrix (0 ms)
[----------] 2 tests from LUDecomposition (0 ms total)

[----------] Global test environment tear-down
[==========] 2 tests from 1 test suite ran. (0 ms total)
[  PASSED  ] 2 tests.
<end of output>
Test time =   0.00 sec
----------------------------------------------------------
Test Passed.
"LU_test" end time: Dec 17 09:22 +08
"LU_test" time elapsed: 00:00:00
----------------------------------------------------------

6/10 Testing: KrylovSubspace_test
6/10 Test: KrylovSubspace_test
Command: "/Users/yincheangng/worksapce/Github/MyAlgorithmicToolkit/build/KrylovSubspace_test"
Directory: /Users/yincheangng/worksapce/Github/MyAlgorithmicToolkit/build
"KrylovSubspace_test" start time: Dec 17 09:22 +08
Output:
----------------------------------------------------------
[==========] Running 4 tests from 1 test suite.
[----------] Global test environment set-up.
[----------] 4 tests from ArnoldiTest
[ RUN      ] ArnoldiTest.OrthogonalityCheck
Breakdown: Norm below tolerance at iteration 1
[       OK ] ArnoldiTest.OrthogonalityCheck (0 ms)
[ RUN      ] ArnoldiTest.HessenbergStructure
Breakdown: Norm below tolerance at iteration 1
[       OK ] ArnoldiTest.HessenbergStructure (0 ms)
[ RUN      ] ArnoldiTest.BreakdownTolerance
Breakdown: Norm below tolerance at iteration 1
[       OK ] ArnoldiTest.BreakdownTolerance (0 ms)
[ RUN      ] ArnoldiTest.KnownExample
[       OK ] ArnoldiTest.KnownExample (0 ms)
[----------] 4 tests from ArnoldiTest (0 ms total)

[----------] Global test environment tear-down
[==========] 4 tests from 1 test suite ran. (0 ms total)
[  PASSED  ] 4 tests.
<end of output>
Test time =   0.00 sec
----------------------------------------------------------
Test Passed.
"KrylovSubspace_test" end time: Dec 17 09:22 +08
"KrylovSubspace_test" time elapsed: 00:00:00
----------------------------------------------------------

7/10 Testing: ConjugateGradient_test
7/10 Test: ConjugateGradient_test
Command: "/Users/yincheangng/worksapce/Github/MyAlgorithmicToolkit/build/ConjugateGradient_test"
Directory: /Users/yincheangng/worksapce/Github/MyAlgorithmicToolkit/build
"ConjugateGradient_test" start time: Dec 17 09:22 +08
Output:
----------------------------------------------------------
[==========] Running 4 tests from 1 test suite.
[----------] Global test environment set-up.
[----------] 4 tests from ConjugateGradientTest/0, where TypeParam = double
[ RUN      ] ConjugateGradientTest/0.SolvesSystemCorrectly
Warning: Conjugate Gradient did not converge within the maximum number of iterations.
[       OK ] ConjugateGradientTest/0.SolvesSystemCorrectly (0 ms)
[ RUN      ] ConjugateGradientTest/0.ResidualBelowTolerance
[       OK ] ConjugateGradientTest/0.ResidualBelowTolerance (0 ms)
[ RUN      ] ConjugateGradientTest/0.DoesNotConvergeWithinMaxIterations
Warning: Conjugate Gradient did not converge within the maximum number of iterations.
[       OK ] ConjugateGradientTest/0.DoesNotConvergeWithinMaxIterations (0 ms)
[ RUN      ] ConjugateGradientTest/0.SolvesZeroRHS
[       OK ] ConjugateGradientTest/0.SolvesZeroRHS (0 ms)
[----------] 4 tests from ConjugateGradientTest/0 (0 ms total)

[----------] Global test environment tear-down
[==========] 4 tests from 1 test suite ran. (0 ms total)
[  PASSED  ] 4 tests.
<end of output>
Test time =   0.00 sec
----------------------------------------------------------
Test Passed.
"ConjugateGradient_test" end time: Dec 17 09:22 +08
"ConjugateGradient_test" time elapsed: 00:00:00
----------------------------------------------------------

8/10 Testing: matrix_benchmark_test
8/10 Test: matrix_benchmark_test
Command: "/Users/yincheangng/worksapce/Github/MyAlgorithmicToolkit/build/matrix_benchmark_test"
Directory: /Users/yincheangng/worksapce/Github/MyAlgorithmicToolkit/build
"matrix_benchmark_test" start time: Dec 17 09:22 +08
Output:
----------------------------------------------------------
Unable to determine clock rate from sysctl: hw.cpufrequency: No such file or directory
This does not affect benchmark measurements, only the metadata output.
***WARNING*** Failed to set thread affinity. Estimated CPU frequency may be incorrect.
2024-12-17T09:22:59+08:00
Running /Users/yincheangng/worksapce/Github/MyAlgorithmicToolkit/build/matrix_benchmark_test
Run on (8 X 24 MHz CPU s)
CPU Caches:
  L1 Data 64 KiB
  L1 Instruction 128 KiB
  L2 Unified 4096 KiB (x8)
Load Average: 1.32, 1.82, 2.05
---------------------------------------------------------------------------------
Benchmark                                       Time             CPU   Iterations
---------------------------------------------------------------------------------
BM_MatrixCreation/100/100                     373 ns          364 ns      1946109
BM_MatrixCreation/4096/4096               2605826 ns      2604809 ns          257
BM_MatrixAddition/100/100                     974 ns          973 ns       665842
BM_MatrixAddition/4096/4096               5844615 ns      5843652 ns          115
BM_MatrixMultiplication/4096/4096/4096  702881708 ns    657527000 ns            1
<end of output>
Test time =   5.38 sec
----------------------------------------------------------
Test Passed.
"matrix_benchmark_test" end time: Dec 17 09:23 +08
"matrix_benchmark_test" time elapsed: 00:00:05
----------------------------------------------------------

9/10 Testing: basic_benchmark_test
9/10 Test: basic_benchmark_test
Command: "/Users/yincheangng/worksapce/Github/MyAlgorithmicToolkit/build/basic_benchmark_test"
Directory: /Users/yincheangng/worksapce/Github/MyAlgorithmicToolkit/build
"basic_benchmark_test" start time: Dec 17 09:23 +08
Output:
----------------------------------------------------------
Unable to determine clock rate from sysctl: hw.cpufrequency: No such file or directory
This does not affect benchmark measurements, only the metadata output.
***WARNING*** Failed to set thread affinity. Estimated CPU frequency may be incorrect.
2024-12-17T09:23:05+08:00
Running /Users/yincheangng/worksapce/Github/MyAlgorithmicToolkit/build/basic_benchmark_test
Run on (8 X 24 MHz CPU s)
CPU Caches:
  L1 Data 64 KiB
  L1 Instruction 128 KiB
  L2 Unified 4096 KiB (x8)
Load Average: 1.51, 1.85, 2.06
--------------------------------------------------------------
Benchmark                    Time             CPU   Iterations
--------------------------------------------------------------
BM_PowerIter            319895 ns       319360 ns         2183
BM_RayleighQuotient       3217 ns         3208 ns       222159
BM_GramSmith           1039547 ns      1038188 ns          658
BM_SubtProj                205 ns          204 ns      3440700
BM_GenUnitvec             98.0 ns         97.9 ns      6623645
BM_GenUnitMatx           11661 ns        11652 ns        59733
BM_HouseH                45801 ns        31991 ns        24810
<end of output>
Test time =   8.03 sec
----------------------------------------------------------
Test Passed.
"basic_benchmark_test" end time: Dec 17 09:23 +08
"basic_benchmark_test" time elapsed: 00:00:08
----------------------------------------------------------

10/10 Testing: itersolver_benchmark_test
10/10 Test: itersolver_benchmark_test
Command: "/Users/yincheangng/worksapce/Github/MyAlgorithmicToolkit/build/itersolver_benchmark_test"
Directory: /Users/yincheangng/worksapce/Github/MyAlgorithmicToolkit/build
"itersolver_benchmark_test" start time: Dec 17 09:23 +08
Output:
----------------------------------------------------------
Unable to determine clock rate from sysctl: hw.cpufrequency: No such file or directory
This does not affect benchmark measurements, only the metadata output.
***WARNING*** Failed to set thread affinity. Estimated CPU frequency may be incorrect.
2024-12-17T09:23:13+08:00
Running /Users/yincheangng/worksapce/Github/MyAlgorithmicToolkit/build/itersolver_benchmark_test
Run on (8 X 24 MHz CPU s)
CPU Caches:
  L1 Data 64 KiB
  L1 Instruction 128 KiB
  L2 Unified 4096 KiB (x8)
Load Average: 1.46, 1.83, 2.05
--------------------------------------------------------------------------
Benchmark                                Time             CPU   Iterations
--------------------------------------------------------------------------
BM_GradientDesent<double>/8           1465 ns         1368 ns       534804
BM_GradientDesent<double>/64        158060 ns       138455 ns         4620
BM_GradientDesent<double>/512     46738550 ns     46666667 ns           15
BM_StaticIterMethod<double>/8         1920 ns         1917 ns       364635
BM_StaticIterMethod<double>/64      248596 ns       248563 ns         2813
BM_StaticIterMethod<double>/512  127697383 ns    127620600 ns            5
<end of output>
Test time =   6.78 sec
----------------------------------------------------------
Test Passed.
"itersolver_benchmark_test" end time: Dec 17 09:23 +08
"itersolver_benchmark_test" time elapsed: 00:00:06
----------------------------------------------------------

End testing: Dec 17 09:23 +08
