Start testing: Dec 17 13:58 +08
----------------------------------------------------------
1/10 Testing: matrix_obj_test
1/10 Test: matrix_obj_test
Command: "/Users/yincheangng/worksapce/Github/MyAlgorithmicToolkit/build/matrix_obj_test"
Directory: /Users/yincheangng/worksapce/Github/MyAlgorithmicToolkit/build
"matrix_obj_test" start time: Dec 17 13:58 +08
Output:
----------------------------------------------------------
[==========] Running 10 tests from 1 test suite.
[----------] Global test environment set-up.
[----------] 10 tests from MatrixObjTest
[ RUN      ] MatrixObjTest.DefaultConstructor
[       OK ] MatrixObjTest.DefaultConstructor (0 ms)
[ RUN      ] MatrixObjTest.GetDimensions
[       OK ] MatrixObjTest.GetDimensions (0 ms)
[ RUN      ] MatrixObjTest.Addition
[       OK ] MatrixObjTest.Addition (0 ms)
[ RUN      ] MatrixObjTest.Subtraction
[       OK ] MatrixObjTest.Subtraction (0 ms)
[ RUN      ] MatrixObjTest.ScalarMultiplication
[       OK ] MatrixObjTest.ScalarMultiplication (0 ms)
[ RUN      ] MatrixObjTest.MatrixMultiplication
[       OK ] MatrixObjTest.MatrixMultiplication (0 ms)
[ RUN      ] MatrixObjTest.Transpose
[       OK ] MatrixObjTest.Transpose (0 ms)
[ RUN      ] MatrixObjTest.IncompatibleDimensionsMultiplication
[       OK ] MatrixObjTest.IncompatibleDimensionsMultiplication (0 ms)
[ RUN      ] MatrixObjTest.ElementAccess
[       OK ] MatrixObjTest.ElementAccess (0 ms)
[ RUN      ] MatrixObjTest.GetColumn
[       OK ] MatrixObjTest.GetColumn (0 ms)
[----------] 10 tests from MatrixObjTest (0 ms total)

[----------] Global test environment tear-down
[==========] 10 tests from 1 test suite ran. (0 ms total)
[  PASSED  ] 10 tests.
<end of output>
Test time =   0.16 sec
----------------------------------------------------------
Test Passed.
"matrix_obj_test" end time: Dec 17 13:58 +08
"matrix_obj_test" time elapsed: 00:00:00
----------------------------------------------------------

2/10 Testing: SparseMatrixCSCTest
2/10 Test: SparseMatrixCSCTest
Command: "/Users/yincheangng/worksapce/Github/MyAlgorithmicToolkit/build/SparseMatrixCSCTest"
Directory: /Users/yincheangng/worksapce/Github/MyAlgorithmicToolkit/build
"SparseMatrixCSCTest" start time: Dec 17 13:58 +08
Output:
----------------------------------------------------------
[==========] Running 7 tests from 1 test suite.
[----------] Global test environment set-up.
[----------] 7 tests from SparseMatrixCSCTest
[ RUN      ] SparseMatrixCSCTest.ElementAccess
[       OK ] SparseMatrixCSCTest.ElementAccess (0 ms)
[ RUN      ] SparseMatrixCSCTest.MatrixAddition
[       OK ] SparseMatrixCSCTest.MatrixAddition (0 ms)
[ RUN      ] SparseMatrixCSCTest.MatrixMultiplication
[       OK ] SparseMatrixCSCTest.MatrixMultiplication (0 ms)
[ RUN      ] SparseMatrixCSCTest.GetColumn
[       OK ] SparseMatrixCSCTest.GetColumn (0 ms)
[ RUN      ] SparseMatrixCSCTest.OutOfBoundsAccess
[       OK ] SparseMatrixCSCTest.OutOfBoundsAccess (0 ms)
[ RUN      ] SparseMatrixCSCTest.IncompatibleMatrixAddition
[       OK ] SparseMatrixCSCTest.IncompatibleMatrixAddition (0 ms)
[ RUN      ] SparseMatrixCSCTest.IncompatibleMatrixMultiplication
[       OK ] SparseMatrixCSCTest.IncompatibleMatrixMultiplication (0 ms)
[----------] 7 tests from SparseMatrixCSCTest (0 ms total)

[----------] Global test environment tear-down
[==========] 7 tests from 1 test suite ran. (0 ms total)
[  PASSED  ] 7 tests.
<end of output>
Test time =   0.00 sec
----------------------------------------------------------
Test Passed.
"SparseMatrixCSCTest" end time: Dec 17 13:58 +08
"SparseMatrixCSCTest" time elapsed: 00:00:00
----------------------------------------------------------

3/10 Testing: basic_test
3/10 Test: basic_test
Command: "/Users/yincheangng/worksapce/Github/MyAlgorithmicToolkit/build/basic_test"
Directory: /Users/yincheangng/worksapce/Github/MyAlgorithmicToolkit/build
"basic_test" start time: Dec 17 13:58 +08
Output:
----------------------------------------------------------
[==========] Running 8 tests from 1 test suite.
[----------] Global test environment set-up.
[----------] 8 tests from BasicTest
[ RUN      ] BasicTest.RayleighQuotientTest
[       OK ] BasicTest.RayleighQuotientTest (0 ms)
[ RUN      ] BasicTest.PowerIterTest
[       OK ] BasicTest.PowerIterTest (0 ms)
[ RUN      ] BasicTest.GramSmithTest
Starting Gram-Schmidt test...
Checking orthogonality for vector 0...
Checking orthogonality for vector 1...
Checking orthogonality for vector 2...
Gram-Schmidt test completed successfully.
[       OK ] BasicTest.GramSmithTest (0 ms)
[ RUN      ] BasicTest.GenUnitvecTest
[       OK ] BasicTest.GenUnitvecTest (0 ms)
[ RUN      ] BasicTest.GenUnitMatxTest
[       OK ] BasicTest.GenUnitMatxTest (0 ms)
[ RUN      ] BasicTest.SignTest
[       OK ] BasicTest.SignTest (0 ms)
[ RUN      ] BasicTest.HouseHTest
[       OK ] BasicTest.HouseHTest (0 ms)
[ RUN      ] BasicTest.qrFactorizationTest
[       OK ] BasicTest.qrFactorizationTest (0 ms)
[----------] 8 tests from BasicTest (0 ms total)

[----------] Global test environment tear-down
[==========] 8 tests from 1 test suite ran. (0 ms total)
[  PASSED  ] 8 tests.
<end of output>
Test time =   0.35 sec
----------------------------------------------------------
Test Passed.
"basic_test" end time: Dec 17 13:58 +08
"basic_test" time elapsed: 00:00:00
----------------------------------------------------------

4/10 Testing: itersolver_test
4/10 Test: itersolver_test
Command: "/Users/yincheangng/worksapce/Github/MyAlgorithmicToolkit/build/itersolver_test"
Directory: /Users/yincheangng/worksapce/Github/MyAlgorithmicToolkit/build
"itersolver_test" start time: Dec 17 13:58 +08
Output:
----------------------------------------------------------
[==========] Running 6 tests from 2 test suites.
[----------] Global test environment set-up.
[----------] 3 tests from GradientDescentTest
[ RUN      ] GradientDescentTest.Constructor
[       OK ] GradientDescentTest.Constructor (0 ms)
[ RUN      ] GradientDescentTest.CalGrad
[       OK ] GradientDescentTest.CalGrad (0 ms)
[ RUN      ] GradientDescentTest.Update
[       OK ] GradientDescentTest.Update (0 ms)
[----------] 3 tests from GradientDescentTest (0 ms total)

[----------] 3 tests from StaticIterMethodTest
[ RUN      ] StaticIterMethodTest.Constructor
[       OK ] StaticIterMethodTest.Constructor (0 ms)
[ RUN      ] StaticIterMethodTest.Substitution
[       OK ] StaticIterMethodTest.Substitution (0 ms)
[ RUN      ] StaticIterMethodTest.Update
[       OK ] StaticIterMethodTest.Update (1 ms)
[----------] 3 tests from StaticIterMethodTest (2 ms total)

[----------] Global test environment tear-down
[==========] 6 tests from 2 test suites ran. (2 ms total)
[  PASSED  ] 6 tests.
<end of output>
Test time =   0.30 sec
----------------------------------------------------------
Test Passed.
"itersolver_test" end time: Dec 17 13:58 +08
"itersolver_test" time elapsed: 00:00:00
----------------------------------------------------------

5/10 Testing: LU_test
5/10 Test: LU_test
Command: "/Users/yincheangng/worksapce/Github/MyAlgorithmicToolkit/build/LU_test"
Directory: /Users/yincheangng/worksapce/Github/MyAlgorithmicToolkit/build
"LU_test" start time: Dec 17 13:58 +08
Output:
----------------------------------------------------------
[==========] Running 2 tests from 1 test suite.
[----------] Global test environment set-up.
[----------] 2 tests from LUDecomposition
[ RUN      ] LUDecomposition.NonSquareMatrix
[       OK ] LUDecomposition.NonSquareMatrix (0 ms)
[ RUN      ] LUDecomposition.SquareMatrix
/Users/yincheangng/worksapce/Github/MyAlgorithmicToolkit/main/LU_test.cpp:52: Failure
The difference between A[i + j * n] and L_times_U[i + j * n] is 3, which exceeds 1e-8, where
A[i + j * n] evaluates to 4,
L_times_U[i + j * n] evaluates to 1, and
1e-8 evaluates to 1e-08.

/Users/yincheangng/worksapce/Github/MyAlgorithmicToolkit/main/LU_test.cpp:52: Failure
The difference between A[i + j * n] and L_times_U[i + j * n] is 0.75, which exceeds 1e-8, where
A[i + j * n] evaluates to 1.75,
L_times_U[i + j * n] evaluates to 1, and
1e-8 evaluates to 1e-08.

/Users/yincheangng/worksapce/Github/MyAlgorithmicToolkit/main/LU_test.cpp:52: Failure
The difference between A[i + j * n] and L_times_U[i + j * n] is 1.8571428571428572, which exceeds 1e-8, where
A[i + j * n] evaluates to 2.8571428571428572,
L_times_U[i + j * n] evaluates to 1, and
1e-8 evaluates to 1e-08.

[  FAILED  ] LUDecomposition.SquareMatrix (0 ms)
[----------] 2 tests from LUDecomposition (0 ms total)

[----------] Global test environment tear-down
[==========] 2 tests from 1 test suite ran. (0 ms total)
[  PASSED  ] 1 test.
[  FAILED  ] 1 test, listed below:
[  FAILED  ] LUDecomposition.SquareMatrix

 1 FAILED TEST
<end of output>
Test time =   0.30 sec
----------------------------------------------------------
Test Failed.
"LU_test" end time: Dec 17 13:58 +08
"LU_test" time elapsed: 00:00:00
----------------------------------------------------------

6/10 Testing: KrylovSubspace_test
6/10 Test: KrylovSubspace_test
Command: "/Users/yincheangng/worksapce/Github/MyAlgorithmicToolkit/build/KrylovSubspace_test"
Directory: /Users/yincheangng/worksapce/Github/MyAlgorithmicToolkit/build
"KrylovSubspace_test" start time: Dec 17 13:58 +08
Output:
----------------------------------------------------------
[==========] Running 4 tests from 1 test suite.
[----------] Global test environment set-up.
[----------] 4 tests from ArnoldiTest
[ RUN      ] ArnoldiTest.OrthogonalityCheck
Breakdown: Norm below tolerance at iteration 1
[       OK ] ArnoldiTest.OrthogonalityCheck (0 ms)
[ RUN      ] ArnoldiTest.HessenbergStructure
Breakdown: Norm below tolerance at iteration 1
[       OK ] ArnoldiTest.HessenbergStructure (0 ms)
[ RUN      ] ArnoldiTest.BreakdownTolerance
Breakdown: Norm below tolerance at iteration 1
[       OK ] ArnoldiTest.BreakdownTolerance (0 ms)
[ RUN      ] ArnoldiTest.KnownExample
Breakdown: Norm below tolerance at iteration 4
unknown file: Failure
C++ exception with description "Matrix indices are out of range." thrown in the test body.

[  FAILED  ] ArnoldiTest.KnownExample (0 ms)
[----------] 4 tests from ArnoldiTest (0 ms total)

[----------] Global test environment tear-down
[==========] 4 tests from 1 test suite ran. (0 ms total)
[  PASSED  ] 3 tests.
[  FAILED  ] 1 test, listed below:
[  FAILED  ] ArnoldiTest.KnownExample

 1 FAILED TEST
<end of output>
Test time =   0.31 sec
----------------------------------------------------------
Test Failed.
"KrylovSubspace_test" end time: Dec 17 13:58 +08
"KrylovSubspace_test" time elapsed: 00:00:00
----------------------------------------------------------

7/10 Testing: ConjugateGradient_test
7/10 Test: ConjugateGradient_test
Command: "/Users/yincheangng/worksapce/Github/MyAlgorithmicToolkit/build/ConjugateGradient_test"
Directory: /Users/yincheangng/worksapce/Github/MyAlgorithmicToolkit/build
"ConjugateGradient_test" start time: Dec 17 13:58 +08
Output:
----------------------------------------------------------
[==========] Running 4 tests from 1 test suite.
[----------] Global test environment set-up.
[----------] 4 tests from ConjugateGradientTest/0, where TypeParam = double
[ RUN      ] ConjugateGradientTest/0.SolvesSystemCorrectly
Conjugate Gradient converged in 3 iterations.
[       OK ] ConjugateGradientTest/0.SolvesSystemCorrectly (0 ms)
[ RUN      ] ConjugateGradientTest/0.ResidualBelowTolerance
Conjugate Gradient converged in 3 iterations.
[       OK ] ConjugateGradientTest/0.ResidualBelowTolerance (0 ms)
[ RUN      ] ConjugateGradientTest/0.DoesNotConvergeWithinMaxIterations
Warning: Conjugate Gradient did not converge within the maximum number of iterations.
[       OK ] ConjugateGradientTest/0.DoesNotConvergeWithinMaxIterations (0 ms)
[ RUN      ] ConjugateGradientTest/0.SolvesZeroRHS
Warning: Division by near-zero in alpha calculation.
[       OK ] ConjugateGradientTest/0.SolvesZeroRHS (0 ms)
[----------] 4 tests from ConjugateGradientTest/0 (0 ms total)

[----------] Global test environment tear-down
[==========] 4 tests from 1 test suite ran. (0 ms total)
[  PASSED  ] 4 tests.
<end of output>
Test time =   0.26 sec
----------------------------------------------------------
Test Passed.
"ConjugateGradient_test" end time: Dec 17 13:58 +08
"ConjugateGradient_test" time elapsed: 00:00:00
----------------------------------------------------------

8/10 Testing: matrix_benchmark_test
8/10 Test: matrix_benchmark_test
Command: "/Users/yincheangng/worksapce/Github/MyAlgorithmicToolkit/build/matrix_benchmark_test"
Directory: /Users/yincheangng/worksapce/Github/MyAlgorithmicToolkit/build
"matrix_benchmark_test" start time: Dec 17 13:58 +08
Output:
----------------------------------------------------------
Unable to determine clock rate from sysctl: hw.cpufrequency: No such file or directory
This does not affect benchmark measurements, only the metadata output.
***WARNING*** Failed to set thread affinity. Estimated CPU frequency may be incorrect.
2024-12-17T13:58:48+08:00
Running /Users/yincheangng/worksapce/Github/MyAlgorithmicToolkit/build/matrix_benchmark_test
Run on (8 X 24 MHz CPU s)
CPU Caches:
  L1 Data 64 KiB
  L1 Instruction 128 KiB
  L2 Unified 4096 KiB (x8)
Load Average: 1.82, 1.84, 1.81
---------------------------------------------------------------------------------
Benchmark                                       Time             CPU   Iterations
---------------------------------------------------------------------------------
BM_MatrixCreation/100/100                     374 ns          373 ns      1930864
BM_MatrixCreation/1024/1024                164170 ns       164070 ns         4147
BM_MatrixCreation/4096/4096               2556796 ns      2556696 ns          270
BM_MatrixAddition/100/100                    1122 ns         1122 ns       764459
BM_MatrixAddition/1024/1024                278009 ns       277993 ns         2541
BM_MatrixAddition/4096/4096               5884318 ns      5882374 ns          123
BM_MatrixMultiplication/100/100/100         21213 ns        21176 ns        32920
BM_MatrixMultiplication/1024/1024/1024   16590432 ns     15440025 ns           40
BM_MatrixMultiplication/4096/4096/4096  670754875 ns    629407000 ns            1
<end of output>
Test time =   9.81 sec
----------------------------------------------------------
Test Passed.
"matrix_benchmark_test" end time: Dec 17 13:58 +08
"matrix_benchmark_test" time elapsed: 00:00:09
----------------------------------------------------------

9/10 Testing: basic_benchmark_test
9/10 Test: basic_benchmark_test
Command: "/Users/yincheangng/worksapce/Github/MyAlgorithmicToolkit/build/basic_benchmark_test"
Directory: /Users/yincheangng/worksapce/Github/MyAlgorithmicToolkit/build
"basic_benchmark_test" start time: Dec 17 13:58 +08
Output:
----------------------------------------------------------
Unable to determine clock rate from sysctl: hw.cpufrequency: No such file or directory
This does not affect benchmark measurements, only the metadata output.
***WARNING*** Failed to set thread affinity. Estimated CPU frequency may be incorrect.
2024-12-17T13:58:57+08:00
Running /Users/yincheangng/worksapce/Github/MyAlgorithmicToolkit/build/basic_benchmark_test
Run on (8 X 24 MHz CPU s)
CPU Caches:
  L1 Data 64 KiB
  L1 Instruction 128 KiB
  L2 Unified 4096 KiB (x8)
Load Average: 1.76, 1.83, 1.81
--------------------------------------------------------------
Benchmark                    Time             CPU   Iterations
--------------------------------------------------------------
BM_PowerIter            154992 ns       154985 ns         4493
BM_RayleighQuotient       1581 ns         1580 ns       439723
BM_GramSmith           1360623 ns      1360293 ns          509
BM_SubtProj                269 ns          269 ns      2597557
BM_GenUnitvec             46.1 ns         46.1 ns     15123265
BM_GenUnitMatx             840 ns          840 ns       836310
BM_HouseH                10900 ns        10670 ns        67942
<end of output>
Test time =   7.73 sec
----------------------------------------------------------
Test Passed.
"basic_benchmark_test" end time: Dec 17 13:59 +08
"basic_benchmark_test" time elapsed: 00:00:07
----------------------------------------------------------

10/10 Testing: itersolver_benchmark_test
10/10 Test: itersolver_benchmark_test
Command: "/Users/yincheangng/worksapce/Github/MyAlgorithmicToolkit/build/itersolver_benchmark_test"
Directory: /Users/yincheangng/worksapce/Github/MyAlgorithmicToolkit/build
"itersolver_benchmark_test" start time: Dec 17 13:59 +08
Output:
----------------------------------------------------------
Unable to determine clock rate from sysctl: hw.cpufrequency: No such file or directory
This does not affect benchmark measurements, only the metadata output.
***WARNING*** Failed to set thread affinity. Estimated CPU frequency may be incorrect.
2024-12-17T13:59:05+08:00
Running /Users/yincheangng/worksapce/Github/MyAlgorithmicToolkit/build/itersolver_benchmark_test
Run on (8 X 24 MHz CPU s)
CPU Caches:
  L1 Data 64 KiB
  L1 Instruction 128 KiB
  L2 Unified 4096 KiB (x8)
Load Average: 1.71, 1.82, 1.81
--------------------------------------------------------------------------
Benchmark                                Time             CPU   Iterations
--------------------------------------------------------------------------
BM_GradientDesent<double>/8           1306 ns         1306 ns       515665
BM_GradientDesent<double>/64         54530 ns        52524 ns        13859
BM_GradientDesent<double>/512     23541353 ns     23498793 ns           29
BM_StaticIterMethod<double>/8         1833 ns         1832 ns       387558
BM_StaticIterMethod<double>/64      193304 ns       193160 ns         3598
BM_StaticIterMethod<double>/512  104499946 ns    101935857 ns            7
<end of output>
Test time =   6.58 sec
----------------------------------------------------------
Test Passed.
"itersolver_benchmark_test" end time: Dec 17 13:59 +08
"itersolver_benchmark_test" time elapsed: 00:00:06
----------------------------------------------------------

End testing: Dec 17 13:59 +08
