Start testing: Dec 15 11:37 +08
----------------------------------------------------------
1/6 Testing: matrix_obj_test
1/6 Test: matrix_obj_test
Command: "/Users/yincheangng/worksapce/Github/MyAlgorithmicToolkit/build/matrix_obj_test"
Directory: /Users/yincheangng/worksapce/Github/MyAlgorithmicToolkit/build
"matrix_obj_test" start time: Dec 15 11:37 +08
Output:
----------------------------------------------------------
[==========] Running 11 tests from 1 test suite.
[----------] Global test environment set-up.
[----------] 11 tests from MatrixObjTest
[ RUN      ] MatrixObjTest.DefaultConstructor
[       OK ] MatrixObjTest.DefaultConstructor (0 ms)
[ RUN      ] MatrixObjTest.GetDimensions
[       OK ] MatrixObjTest.GetDimensions (0 ms)
[ RUN      ] MatrixObjTest.SetDimensions
[       OK ] MatrixObjTest.SetDimensions (0 ms)
[ RUN      ] MatrixObjTest.Addition
[       OK ] MatrixObjTest.Addition (0 ms)
[ RUN      ] MatrixObjTest.Subtraction
[       OK ] MatrixObjTest.Subtraction (0 ms)
[ RUN      ] MatrixObjTest.ScalarMultiplication
[       OK ] MatrixObjTest.ScalarMultiplication (0 ms)
[ RUN      ] MatrixObjTest.MatrixMultiplication
[       OK ] MatrixObjTest.MatrixMultiplication (0 ms)
[ RUN      ] MatrixObjTest.Transpose
[       OK ] MatrixObjTest.Transpose (0 ms)
[ RUN      ] MatrixObjTest.IncompatibleDimensionsMultiplication
[       OK ] MatrixObjTest.IncompatibleDimensionsMultiplication (0 ms)
[ RUN      ] MatrixObjTest.ElementAccess
[       OK ] MatrixObjTest.ElementAccess (0 ms)
[ RUN      ] MatrixObjTest.GetColumn
[       OK ] MatrixObjTest.GetColumn (0 ms)
[----------] 11 tests from MatrixObjTest (0 ms total)

[----------] Global test environment tear-down
[==========] 11 tests from 1 test suite ran. (0 ms total)
[  PASSED  ] 11 tests.
<end of output>
Test time =   0.38 sec
----------------------------------------------------------
Test Passed.
"matrix_obj_test" end time: Dec 15 11:37 +08
"matrix_obj_test" time elapsed: 00:00:00
----------------------------------------------------------

2/6 Testing: basic_test
2/6 Test: basic_test
Command: "/Users/yincheangng/worksapce/Github/MyAlgorithmicToolkit/build/basic_test"
Directory: /Users/yincheangng/worksapce/Github/MyAlgorithmicToolkit/build
"basic_test" start time: Dec 15 11:37 +08
Output:
----------------------------------------------------------
[==========] Running 8 tests from 1 test suite.
[----------] Global test environment set-up.
[----------] 8 tests from BasicTest
[ RUN      ] BasicTest.RayleighQuotientTest
[       OK ] BasicTest.RayleighQuotientTest (0 ms)
[ RUN      ] BasicTest.PowerIterTest
[       OK ] BasicTest.PowerIterTest (0 ms)
[ RUN      ] BasicTest.GramSmithTest
Starting Gram-Schmidt test...
Checking orthogonality for vector 0...
Checking orthogonality for vector 1...
Checking orthogonality for vector 2...
Gram-Schmidt test completed successfully.
[       OK ] BasicTest.GramSmithTest (0 ms)
[ RUN      ] BasicTest.GenUnitvecTest
[       OK ] BasicTest.GenUnitvecTest (0 ms)
[ RUN      ] BasicTest.GenUnitMatxTest
[       OK ] BasicTest.GenUnitMatxTest (0 ms)
[ RUN      ] BasicTest.SignTest
[       OK ] BasicTest.SignTest (0 ms)
[ RUN      ] BasicTest.HouseHTest
[       OK ] BasicTest.HouseHTest (0 ms)
[ RUN      ] BasicTest.QRFactTest



[       OK ] BasicTest.QRFactTest (0 ms)
[----------] 8 tests from BasicTest (0 ms total)

[----------] Global test environment tear-down
[==========] 8 tests from 1 test suite ran. (0 ms total)
[  PASSED  ] 8 tests.
<end of output>
Test time =   0.32 sec
----------------------------------------------------------
Test Passed.
"basic_test" end time: Dec 15 11:37 +08
"basic_test" time elapsed: 00:00:00
----------------------------------------------------------

3/6 Testing: itersolver_test
3/6 Test: itersolver_test
Command: "/Users/yincheangng/worksapce/Github/MyAlgorithmicToolkit/build/itersolver_test"
Directory: /Users/yincheangng/worksapce/Github/MyAlgorithmicToolkit/build
"itersolver_test" start time: Dec 15 11:37 +08
Output:
----------------------------------------------------------
[==========] Running 6 tests from 2 test suites.
[----------] Global test environment set-up.
[----------] 3 tests from GradientDesentTest
[ RUN      ] GradientDesentTest.Constructor
[       OK ] GradientDesentTest.Constructor (0 ms)
[ RUN      ] GradientDesentTest.CalGrad
[       OK ] GradientDesentTest.CalGrad (0 ms)
[ RUN      ] GradientDesentTest.Update
[       OK ] GradientDesentTest.Update (0 ms)
[----------] 3 tests from GradientDesentTest (1 ms total)

[----------] 3 tests from JacobiTest
[ RUN      ] JacobiTest.Constructor
[       OK ] JacobiTest.Constructor (0 ms)
[ RUN      ] JacobiTest.Substitution
[       OK ] JacobiTest.Substitution (0 ms)
[ RUN      ] JacobiTest.Update
[       OK ] JacobiTest.Update (2 ms)
[----------] 3 tests from JacobiTest (2 ms total)

[----------] Global test environment tear-down
[==========] 6 tests from 2 test suites ran. (3 ms total)
[  PASSED  ] 6 tests.
<end of output>
Test time =   0.30 sec
----------------------------------------------------------
Test Passed.
"itersolver_test" end time: Dec 15 11:37 +08
"itersolver_test" time elapsed: 00:00:00
----------------------------------------------------------

4/6 Testing: matrix_benchmark_test
4/6 Test: matrix_benchmark_test
Command: "/Users/yincheangng/worksapce/Github/MyAlgorithmicToolkit/build/matrix_benchmark_test"
Directory: /Users/yincheangng/worksapce/Github/MyAlgorithmicToolkit/build
"matrix_benchmark_test" start time: Dec 15 11:37 +08
Output:
----------------------------------------------------------
Unable to determine clock rate from sysctl: hw.cpufrequency: No such file or directory
This does not affect benchmark measurements, only the metadata output.
***WARNING*** Failed to set thread affinity. Estimated CPU frequency may be incorrect.
2024-12-15T11:37:30+08:00
Running /Users/yincheangng/worksapce/Github/MyAlgorithmicToolkit/build/matrix_benchmark_test
Run on (8 X 24 MHz CPU s)
CPU Caches:
  L1 Data 64 KiB
  L1 Instruction 128 KiB
  L2 Unified 4096 KiB (x8)
Load Average: 1.83, 1.79, 1.77
---------------------------------------------------------------------------------
Benchmark                                       Time             CPU   Iterations
---------------------------------------------------------------------------------
BM_MatrixCreation/100/100                     506 ns          506 ns      1974685
BM_MatrixCreation/4096/4096               2546115 ns      2543596 ns          285
BM_MatrixAddition/100/100                    1082 ns         1059 ns       671398
BM_MatrixAddition/4096/4096               5669759 ns      5669732 ns          123
BM_MatrixMultiplication/4096/4096/4096  625482250 ns    605212000 ns            1
<end of output>
Test time =   5.95 sec
----------------------------------------------------------
Test Passed.
"matrix_benchmark_test" end time: Dec 15 11:37 +08
"matrix_benchmark_test" time elapsed: 00:00:05
----------------------------------------------------------

5/6 Testing: basic_benchmark_test
5/6 Test: basic_benchmark_test
Command: "/Users/yincheangng/worksapce/Github/MyAlgorithmicToolkit/build/basic_benchmark_test"
Directory: /Users/yincheangng/worksapce/Github/MyAlgorithmicToolkit/build
"basic_benchmark_test" start time: Dec 15 11:37 +08
Output:
----------------------------------------------------------
Unable to determine clock rate from sysctl: hw.cpufrequency: No such file or directory
This does not affect benchmark measurements, only the metadata output.
***WARNING*** Failed to set thread affinity. Estimated CPU frequency may be incorrect.
2024-12-15T11:37:36+08:00
Running /Users/yincheangng/worksapce/Github/MyAlgorithmicToolkit/build/basic_benchmark_test
Run on (8 X 24 MHz CPU s)
CPU Caches:
  L1 Data 64 KiB
  L1 Instruction 128 KiB
  L2 Unified 4096 KiB (x8)
Load Average: 1.76, 1.78, 1.77
--------------------------------------------------------------
Benchmark                    Time             CPU   Iterations
--------------------------------------------------------------
BM_PowerIter            315715 ns       315560 ns         2226
BM_RayleighQuotient       3114 ns         3114 ns       223531
BM_GramSmith           1037875 ns      1037854 ns          672
BM_SubtProj                204 ns          204 ns      3410608
BM_GenUnitvec              101 ns          100 ns      7283018
BM_GenUnitMatx           11404 ns        11403 ns        61187
BM_HouseH                45527 ns        28982 ns        25916
<end of output>
Test time =   8.38 sec
----------------------------------------------------------
Test Passed.
"basic_benchmark_test" end time: Dec 15 11:37 +08
"basic_benchmark_test" time elapsed: 00:00:08
----------------------------------------------------------

6/6 Testing: itersolver_benchmark_test
6/6 Test: itersolver_benchmark_test
Command: "/Users/yincheangng/worksapce/Github/MyAlgorithmicToolkit/build/itersolver_benchmark_test"
Directory: /Users/yincheangng/worksapce/Github/MyAlgorithmicToolkit/build
"itersolver_benchmark_test" start time: Dec 15 11:37 +08
Output:
----------------------------------------------------------
Unable to determine clock rate from sysctl: hw.cpufrequency: No such file or directory
This does not affect benchmark measurements, only the metadata output.
***WARNING*** Failed to set thread affinity. Estimated CPU frequency may be incorrect.
2024-12-15T11:37:44+08:00
Running /Users/yincheangng/worksapce/Github/MyAlgorithmicToolkit/build/itersolver_benchmark_test
Run on (8 X 24 MHz CPU s)
CPU Caches:
  L1 Data 64 KiB
  L1 Instruction 128 KiB
  L2 Unified 4096 KiB (x8)
Load Average: 1.86, 1.80, 1.78
------------------------------------------------------------------------
Benchmark                              Time             CPU   Iterations
------------------------------------------------------------------------
BM_GradientDesent<double>/8         1326 ns         1326 ns       530251
BM_GradientDesent<double>/64      132443 ns       132431 ns         5212
BM_GradientDesent<double>/512   46050903 ns     46040933 ns           15
BM_Jacobi<double>/8                 1894 ns         1894 ns       370936
BM_Jacobi<double>/64              244411 ns       244410 ns         2863
BM_Jacobi<double>/512          126575424 ns    126575500 ns            6
<end of output>
Test time =   6.99 sec
----------------------------------------------------------
Test Passed.
"itersolver_benchmark_test" end time: Dec 15 11:37 +08
"itersolver_benchmark_test" time elapsed: 00:00:06
----------------------------------------------------------

End testing: Dec 15 11:37 +08
