Start testing: Dec 15 06:18 +08
----------------------------------------------------------
1/6 Testing: matrix_obj_test
1/6 Test: matrix_obj_test
Command: "/Users/yincheangng/worksapce/Github/MyAlgorithmicToolkit/build/matrix_obj_test"
Directory: /Users/yincheangng/worksapce/Github/MyAlgorithmicToolkit/build
"matrix_obj_test" start time: Dec 15 06:18 +08
Output:
----------------------------------------------------------
[==========] Running 11 tests from 1 test suite.
[----------] Global test environment set-up.
[----------] 11 tests from MatrixObjTest
[ RUN      ] MatrixObjTest.DefaultConstructor
[       OK ] MatrixObjTest.DefaultConstructor (0 ms)
[ RUN      ] MatrixObjTest.GetDimensions
[       OK ] MatrixObjTest.GetDimensions (0 ms)
[ RUN      ] MatrixObjTest.SetDimensions
[       OK ] MatrixObjTest.SetDimensions (0 ms)
[ RUN      ] MatrixObjTest.Addition
[       OK ] MatrixObjTest.Addition (0 ms)
[ RUN      ] MatrixObjTest.Subtraction
[       OK ] MatrixObjTest.Subtraction (0 ms)
[ RUN      ] MatrixObjTest.ScalarMultiplication
[       OK ] MatrixObjTest.ScalarMultiplication (0 ms)
[ RUN      ] MatrixObjTest.MatrixMultiplication
[       OK ] MatrixObjTest.MatrixMultiplication (0 ms)
[ RUN      ] MatrixObjTest.Transpose
[       OK ] MatrixObjTest.Transpose (0 ms)
[ RUN      ] MatrixObjTest.IncompatibleDimensionsMultiplication
[       OK ] MatrixObjTest.IncompatibleDimensionsMultiplication (0 ms)
[ RUN      ] MatrixObjTest.ElementAccess
[       OK ] MatrixObjTest.ElementAccess (0 ms)
[ RUN      ] MatrixObjTest.GetColumn
[       OK ] MatrixObjTest.GetColumn (0 ms)
[----------] 11 tests from MatrixObjTest (0 ms total)

[----------] Global test environment tear-down
[==========] 11 tests from 1 test suite ran. (0 ms total)
[  PASSED  ] 11 tests.
<end of output>
Test time =   0.00 sec
----------------------------------------------------------
Test Passed.
"matrix_obj_test" end time: Dec 15 06:18 +08
"matrix_obj_test" time elapsed: 00:00:00
----------------------------------------------------------

2/6 Testing: basic_test
2/6 Test: basic_test
Command: "/Users/yincheangng/worksapce/Github/MyAlgorithmicToolkit/build/basic_test"
Directory: /Users/yincheangng/worksapce/Github/MyAlgorithmicToolkit/build
"basic_test" start time: Dec 15 06:18 +08
Output:
----------------------------------------------------------
[==========] Running 8 tests from 1 test suite.
[----------] Global test environment set-up.
[----------] 8 tests from BasicTest
[ RUN      ] BasicTest.RayleighQuotientTest
[       OK ] BasicTest.RayleighQuotientTest (0 ms)
[ RUN      ] BasicTest.PowerIterTest
[       OK ] BasicTest.PowerIterTest (0 ms)
[ RUN      ] BasicTest.GramSmithTest
Starting Gram-Schmidt test...
Checking orthogonality for vector 0...
Checking orthogonality for vector 1...
Checking orthogonality for vector 2...
Gram-Schmidt test completed successfully.
[       OK ] BasicTest.GramSmithTest (0 ms)
[ RUN      ] BasicTest.GenUnitvecTest
[       OK ] BasicTest.GenUnitvecTest (0 ms)
[ RUN      ] BasicTest.GenUnitMatxTest
[       OK ] BasicTest.GenUnitMatxTest (0 ms)
[ RUN      ] BasicTest.SignTest
[       OK ] BasicTest.SignTest (0 ms)
[ RUN      ] BasicTest.HouseHTest
[       OK ] BasicTest.HouseHTest (0 ms)
[ RUN      ] BasicTest.QRFactTest



[       OK ] BasicTest.QRFactTest (0 ms)
[----------] 8 tests from BasicTest (0 ms total)

[----------] Global test environment tear-down
[==========] 8 tests from 1 test suite ran. (0 ms total)
[  PASSED  ] 8 tests.
<end of output>
Test time =   0.00 sec
----------------------------------------------------------
Test Passed.
"basic_test" end time: Dec 15 06:18 +08
"basic_test" time elapsed: 00:00:00
----------------------------------------------------------

3/6 Testing: itersolver_test
3/6 Test: itersolver_test
Command: "/Users/yincheangng/worksapce/Github/MyAlgorithmicToolkit/build/itersolver_test"
Directory: /Users/yincheangng/worksapce/Github/MyAlgorithmicToolkit/build
"itersolver_test" start time: Dec 15 06:18 +08
Output:
----------------------------------------------------------
[==========] Running 6 tests from 2 test suites.
[----------] Global test environment set-up.
[----------] 3 tests from GradientDesentTest
[ RUN      ] GradientDesentTest.Constructor
[       OK ] GradientDesentTest.Constructor (0 ms)
[ RUN      ] GradientDesentTest.CalGrad
[       OK ] GradientDesentTest.CalGrad (0 ms)
[ RUN      ] GradientDesentTest.Update
[       OK ] GradientDesentTest.Update (0 ms)
[----------] 3 tests from GradientDesentTest (1 ms total)

[----------] 3 tests from JacobiTest
[ RUN      ] JacobiTest.Constructor
[       OK ] JacobiTest.Constructor (0 ms)
[ RUN      ] JacobiTest.Substitution
[       OK ] JacobiTest.Substitution (0 ms)
[ RUN      ] JacobiTest.Update
[       OK ] JacobiTest.Update (2 ms)
[----------] 3 tests from JacobiTest (2 ms total)

[----------] Global test environment tear-down
[==========] 6 tests from 2 test suites ran. (3 ms total)
[  PASSED  ] 6 tests.
<end of output>
Test time =   0.44 sec
----------------------------------------------------------
Test Passed.
"itersolver_test" end time: Dec 15 06:18 +08
"itersolver_test" time elapsed: 00:00:00
----------------------------------------------------------

4/6 Testing: matrix_benchmark_test
4/6 Test: matrix_benchmark_test
Command: "/Users/yincheangng/worksapce/Github/MyAlgorithmicToolkit/build/matrix_benchmark_test"
Directory: /Users/yincheangng/worksapce/Github/MyAlgorithmicToolkit/build
"matrix_benchmark_test" start time: Dec 15 06:18 +08
Output:
----------------------------------------------------------
Unable to determine clock rate from sysctl: hw.cpufrequency: No such file or directory
This does not affect benchmark measurements, only the metadata output.
***WARNING*** Failed to set thread affinity. Estimated CPU frequency may be incorrect.
2024-12-15T06:18:21+08:00
Running /Users/yincheangng/worksapce/Github/MyAlgorithmicToolkit/build/matrix_benchmark_test
Run on (8 X 24 MHz CPU s)
CPU Caches:
  L1 Data 64 KiB
  L1 Instruction 128 KiB
  L2 Unified 4096 KiB (x8)
Load Average: 2.69, 2.47, 2.30
---------------------------------------------------------------------------------
Benchmark                                       Time             CPU   Iterations
---------------------------------------------------------------------------------
BM_MatrixCreation/100/100                     504 ns          504 ns      1526508
BM_MatrixCreation/4096/4096               2509472 ns      2509322 ns          276
BM_MatrixAddition/100/100                    1071 ns         1071 ns       750896
BM_MatrixAddition/4096/4096               5850482 ns      5849635 ns          115
BM_MatrixMultiplication/4096/4096/4096  622139500 ns    607885000 ns            1
<end of output>
Test time =   5.57 sec
----------------------------------------------------------
Test Passed.
"matrix_benchmark_test" end time: Dec 15 06:18 +08
"matrix_benchmark_test" time elapsed: 00:00:05
----------------------------------------------------------

5/6 Testing: basic_benchmark_test
5/6 Test: basic_benchmark_test
Command: "/Users/yincheangng/worksapce/Github/MyAlgorithmicToolkit/build/basic_benchmark_test"
Directory: /Users/yincheangng/worksapce/Github/MyAlgorithmicToolkit/build
"basic_benchmark_test" start time: Dec 15 06:18 +08
Output:
----------------------------------------------------------
Unable to determine clock rate from sysctl: hw.cpufrequency: No such file or directory
This does not affect benchmark measurements, only the metadata output.
***WARNING*** Failed to set thread affinity. Estimated CPU frequency may be incorrect.
2024-12-15T06:18:27+08:00
Running /Users/yincheangng/worksapce/Github/MyAlgorithmicToolkit/build/basic_benchmark_test
Run on (8 X 24 MHz CPU s)
CPU Caches:
  L1 Data 64 KiB
  L1 Instruction 128 KiB
  L2 Unified 4096 KiB (x8)
Load Average: 2.55, 2.45, 2.30
--------------------------------------------------------------
Benchmark                    Time             CPU   Iterations
--------------------------------------------------------------
BM_PowerIter            318722 ns       318713 ns         2197
BM_RayleighQuotient       3143 ns         3142 ns       224299
BM_GramSmith           1025700 ns      1025629 ns          673
BM_SubtProj                208 ns          208 ns      3408847
BM_GenUnitvec             97.7 ns         97.7 ns      6325911
BM_GenUnitMatx           11648 ns        11641 ns        58063
BM_HouseH                48844 ns        29555 ns        26302
<end of output>
Test time =   8.10 sec
----------------------------------------------------------
Test Passed.
"basic_benchmark_test" end time: Dec 15 06:18 +08
"basic_benchmark_test" time elapsed: 00:00:08
----------------------------------------------------------

6/6 Testing: itersolver_benchmark_test
6/6 Test: itersolver_benchmark_test
Command: "/Users/yincheangng/worksapce/Github/MyAlgorithmicToolkit/build/itersolver_benchmark_test"
Directory: /Users/yincheangng/worksapce/Github/MyAlgorithmicToolkit/build
"itersolver_benchmark_test" start time: Dec 15 06:18 +08
Output:
----------------------------------------------------------
Unable to determine clock rate from sysctl: hw.cpufrequency: No such file or directory
This does not affect benchmark measurements, only the metadata output.
***WARNING*** Failed to set thread affinity. Estimated CPU frequency may be incorrect.
2024-12-15T06:18:35+08:00
Running /Users/yincheangng/worksapce/Github/MyAlgorithmicToolkit/build/itersolver_benchmark_test
Run on (8 X 24 MHz CPU s)
CPU Caches:
  L1 Data 64 KiB
  L1 Instruction 128 KiB
  L2 Unified 4096 KiB (x8)
Load Average: 2.47, 2.43, 2.29
------------------------------------------------------------------------
Benchmark                              Time             CPU   Iterations
------------------------------------------------------------------------
BM_GradientDesent<double>/8         1329 ns         1329 ns       524734
BM_GradientDesent<double>/64      136303 ns       133237 ns         5356
BM_GradientDesent<double>/512   50411492 ns     48411333 ns           15
BM_Jacobi<double>/8                 1935 ns         1932 ns       361186
BM_Jacobi<double>/64              246161 ns       246125 ns         2818
BM_Jacobi<double>/512          127500861 ns    127481333 ns            6
<end of output>
Test time =   7.13 sec
----------------------------------------------------------
Test Passed.
"itersolver_benchmark_test" end time: Dec 15 06:18 +08
"itersolver_benchmark_test" time elapsed: 00:00:07
----------------------------------------------------------

End testing: Dec 15 06:18 +08
