Start testing: Dec 18 14:19 +08
----------------------------------------------------------
1/7 Testing: matrix_obj_test
1/7 Test: matrix_obj_test
Command: "/Users/yincheangng/worksapce/Github/MyAlgorithmicToolkit/build/matrix_obj_test"
Directory: /Users/yincheangng/worksapce/Github/MyAlgorithmicToolkit/build
"matrix_obj_test" start time: Dec 18 14:19 +08
Output:
----------------------------------------------------------
[==========] Running 10 tests from 1 test suite.
[----------] Global test environment set-up.
[----------] 10 tests from DenseObjTest
[ RUN      ] DenseObjTest.DefaultConstructor
[       OK ] DenseObjTest.DefaultConstructor (0 ms)
[ RUN      ] DenseObjTest.GetDimensions
[       OK ] DenseObjTest.GetDimensions (0 ms)
[ RUN      ] DenseObjTest.Addition
[       OK ] DenseObjTest.Addition (0 ms)
[ RUN      ] DenseObjTest.Subtraction
[       OK ] DenseObjTest.Subtraction (0 ms)
[ RUN      ] DenseObjTest.ScalarMultiplication
[       OK ] DenseObjTest.ScalarMultiplication (0 ms)
[ RUN      ] DenseObjTest.MatrixMultiplication
[       OK ] DenseObjTest.MatrixMultiplication (0 ms)
[ RUN      ] DenseObjTest.Transpose
[       OK ] DenseObjTest.Transpose (0 ms)
[ RUN      ] DenseObjTest.IncompatibleDimensionsMultiplication
[       OK ] DenseObjTest.IncompatibleDimensionsMultiplication (0 ms)
[ RUN      ] DenseObjTest.ElementAccess
[       OK ] DenseObjTest.ElementAccess (0 ms)
[ RUN      ] DenseObjTest.GetColumn
[       OK ] DenseObjTest.GetColumn (0 ms)
[----------] 10 tests from DenseObjTest (0 ms total)

[----------] Global test environment tear-down
[==========] 10 tests from 1 test suite ran. (0 ms total)
[  PASSED  ] 10 tests.
<end of output>
Test time =   0.16 sec
----------------------------------------------------------
Test Passed.
"matrix_obj_test" end time: Dec 18 14:19 +08
"matrix_obj_test" time elapsed: 00:00:00
----------------------------------------------------------

2/7 Testing: SparseMatrixCSCTest
2/7 Test: SparseMatrixCSCTest
Command: "/Users/yincheangng/worksapce/Github/MyAlgorithmicToolkit/build/SparseMatrixCSCTest"
Directory: /Users/yincheangng/worksapce/Github/MyAlgorithmicToolkit/build
"SparseMatrixCSCTest" start time: Dec 18 14:19 +08
Output:
----------------------------------------------------------
[==========] Running 7 tests from 1 test suite.
[----------] Global test environment set-up.
[----------] 7 tests from SparseMatrixCSCTest
[ RUN      ] SparseMatrixCSCTest.ElementAccess
[       OK ] SparseMatrixCSCTest.ElementAccess (0 ms)
[ RUN      ] SparseMatrixCSCTest.MatrixAddition
[       OK ] SparseMatrixCSCTest.MatrixAddition (0 ms)
[ RUN      ] SparseMatrixCSCTest.MatrixMultiplication
[       OK ] SparseMatrixCSCTest.MatrixMultiplication (0 ms)
[ RUN      ] SparseMatrixCSCTest.GetColumn
[       OK ] SparseMatrixCSCTest.GetColumn (0 ms)
[ RUN      ] SparseMatrixCSCTest.OutOfBoundsAccess
[       OK ] SparseMatrixCSCTest.OutOfBoundsAccess (0 ms)
[ RUN      ] SparseMatrixCSCTest.IncompatibleMatrixAddition
[       OK ] SparseMatrixCSCTest.IncompatibleMatrixAddition (0 ms)
[ RUN      ] SparseMatrixCSCTest.IncompatibleMatrixMultiplication
[       OK ] SparseMatrixCSCTest.IncompatibleMatrixMultiplication (0 ms)
[----------] 7 tests from SparseMatrixCSCTest (0 ms total)

[----------] Global test environment tear-down
[==========] 7 tests from 1 test suite ran. (0 ms total)
[  PASSED  ] 7 tests.
<end of output>
Test time =   0.12 sec
----------------------------------------------------------
Test Passed.
"SparseMatrixCSCTest" end time: Dec 18 14:19 +08
"SparseMatrixCSCTest" time elapsed: 00:00:00
----------------------------------------------------------

3/7 Testing: basic_test
3/7 Test: basic_test
Command: "/Users/yincheangng/worksapce/Github/MyAlgorithmicToolkit/build/basic_test"
Directory: /Users/yincheangng/worksapce/Github/MyAlgorithmicToolkit/build
"basic_test" start time: Dec 18 14:19 +08
Output:
----------------------------------------------------------
[==========] Running 8 tests from 1 test suite.
[----------] Global test environment set-up.
[----------] 8 tests from MyTest
[ RUN      ] MyTest.RayleighQuotientTest
[       OK ] MyTest.RayleighQuotientTest (0 ms)
[ RUN      ] MyTest.PowerIterTest
[       OK ] MyTest.PowerIterTest (0 ms)
[ RUN      ] MyTest.GramSchmidtTest
[       OK ] MyTest.GramSchmidtTest (0 ms)
[ RUN      ] MyTest.GenUnitVecTest
[       OK ] MyTest.GenUnitVecTest (0 ms)
[ RUN      ] MyTest.GenUnitMatTest
[       OK ] MyTest.GenUnitMatTest (0 ms)
[ RUN      ] MyTest.SignTest
[       OK ] MyTest.SignTest (0 ms)
[ RUN      ] MyTest.HouseholderTransformTest
[       OK ] MyTest.HouseholderTransformTest (0 ms)
[ RUN      ] MyTest.QrFactorizationTest
[       OK ] MyTest.QrFactorizationTest (0 ms)
[----------] 8 tests from MyTest (0 ms total)

[----------] Global test environment tear-down
[==========] 8 tests from 1 test suite ran. (0 ms total)
[  PASSED  ] 8 tests.
<end of output>
Test time =   0.12 sec
----------------------------------------------------------
Test Passed.
"basic_test" end time: Dec 18 14:19 +08
"basic_test" time elapsed: 00:00:00
----------------------------------------------------------

4/7 Testing: itersolver_test
4/7 Test: itersolver_test
Command: "/Users/yincheangng/worksapce/Github/MyAlgorithmicToolkit/build/itersolver_test"
Directory: /Users/yincheangng/worksapce/Github/MyAlgorithmicToolkit/build
"itersolver_test" start time: Dec 18 14:19 +08
Output:
----------------------------------------------------------
[==========] Running 6 tests from 2 test suites.
[----------] Global test environment set-up.
[----------] 3 tests from GradientDescentTest
[ RUN      ] GradientDescentTest.Constructor
[       OK ] GradientDescentTest.Constructor (0 ms)
[ RUN      ] GradientDescentTest.CalGrad
[       OK ] GradientDescentTest.CalGrad (0 ms)
[ RUN      ] GradientDescentTest.Update
[       OK ] GradientDescentTest.Update (0 ms)
[----------] 3 tests from GradientDescentTest (0 ms total)

[----------] 3 tests from StaticIterMethodTest
[ RUN      ] StaticIterMethodTest.Constructor
[       OK ] StaticIterMethodTest.Constructor (0 ms)
[ RUN      ] StaticIterMethodTest.Substitution
[       OK ] StaticIterMethodTest.Substitution (0 ms)
[ RUN      ] StaticIterMethodTest.Update
[       OK ] StaticIterMethodTest.Update (1 ms)
[----------] 3 tests from StaticIterMethodTest (1 ms total)

[----------] Global test environment tear-down
[==========] 6 tests from 2 test suites ran. (2 ms total)
[  PASSED  ] 6 tests.
<end of output>
Test time =   0.13 sec
----------------------------------------------------------
Test Passed.
"itersolver_test" end time: Dec 18 14:19 +08
"itersolver_test" time elapsed: 00:00:00
----------------------------------------------------------

5/7 Testing: LU_test
5/7 Test: LU_test
Command: "/Users/yincheangng/worksapce/Github/MyAlgorithmicToolkit/build/LU_test"
Directory: /Users/yincheangng/worksapce/Github/MyAlgorithmicToolkit/build
"LU_test" start time: Dec 18 14:19 +08
Output:
----------------------------------------------------------
[==========] Running 2 tests from 1 test suite.
[----------] Global test environment set-up.
[----------] 2 tests from LUDecomposition
[ RUN      ] LUDecomposition.NonSquareMatrix
[       OK ] LUDecomposition.NonSquareMatrix (0 ms)
[ RUN      ] LUDecomposition.SquareMatrix
/Users/yincheangng/worksapce/Github/MyAlgorithmicToolkit/main/LU_test.cpp:69: Failure
The difference between PA(i, j) and L_times_U(i, j) is 0.96428571428571419, which exceeds 1e-8, where
PA(i, j) evaluates to 0.75,
L_times_U(i, j) evaluates to 1.7142857142857142, and
1e-8 evaluates to 1e-08.
Mismatch at (1, 0)

/Users/yincheangng/worksapce/Github/MyAlgorithmicToolkit/main/LU_test.cpp:69: Failure
The difference between PA(i, j) and L_times_U(i, j) is 1.2857142857142856, which exceeds 1e-8, where
PA(i, j) evaluates to 1.75,
L_times_U(i, j) evaluates to 3.0357142857142856, and
1e-8 evaluates to 1e-08.
Mismatch at (1, 1)

/Users/yincheangng/worksapce/Github/MyAlgorithmicToolkit/main/LU_test.cpp:69: Failure
The difference between PA(i, j) and L_times_U(i, j) is 0.8571428571428571, which exceeds 1e-8, where
PA(i, j) evaluates to -0.5,
L_times_U(i, j) evaluates to 0.3571428571428571, and
1e-8 evaluates to 1e-08.
Mismatch at (1, 2)

/Users/yincheangng/worksapce/Github/MyAlgorithmicToolkit/main/LU_test.cpp:69: Failure
The difference between PA(i, j) and L_times_U(i, j) is 0.19999999999999996, which exceeds 1e-8, where
PA(i, j) evaluates to 0.5,
L_times_U(i, j) evaluates to 0.69999999999999996, and
1e-8 evaluates to 1e-08.
Mismatch at (2, 0)

/Users/yincheangng/worksapce/Github/MyAlgorithmicToolkit/main/LU_test.cpp:69: Failure
The difference between PA(i, j) and L_times_U(i, j) is 0.63571428571428568, which exceeds 1e-8, where
PA(i, j) evaluates to -0.2857142857142857,
L_times_U(i, j) evaluates to 0.34999999999999992, and
1e-8 evaluates to 1e-08.
Mismatch at (2, 1)

/Users/yincheangng/worksapce/Github/MyAlgorithmicToolkit/main/LU_test.cpp:69: Failure
The difference between PA(i, j) and L_times_U(i, j) is 0.39999999999999991, which exceeds 1e-8, where
PA(i, j) evaluates to 2.8571428571428572,
L_times_U(i, j) evaluates to 3.2571428571428571, and
1e-8 evaluates to 1e-08.
Mismatch at (2, 2)

[  FAILED  ] LUDecomposition.SquareMatrix (0 ms)
[----------] 2 tests from LUDecomposition (0 ms total)

[----------] Global test environment tear-down
[==========] 2 tests from 1 test suite ran. (0 ms total)
[  PASSED  ] 1 test.
[  FAILED  ] 1 test, listed below:
[  FAILED  ] LUDecomposition.SquareMatrix

 1 FAILED TEST
<end of output>
Test time =   0.12 sec
----------------------------------------------------------
Test Failed.
"LU_test" end time: Dec 18 14:19 +08
"LU_test" time elapsed: 00:00:00
----------------------------------------------------------

6/7 Testing: KrylovSubspace_test
6/7 Test: KrylovSubspace_test
Command: "/Users/yincheangng/worksapce/Github/MyAlgorithmicToolkit/build/KrylovSubspace_test"
Directory: /Users/yincheangng/worksapce/Github/MyAlgorithmicToolkit/build
"KrylovSubspace_test" start time: Dec 18 14:19 +08
Output:
----------------------------------------------------------
[==========] Running 4 tests from 1 test suite.
[----------] Global test environment set-up.
[----------] 4 tests from ArnoldiTest
[ RUN      ] ArnoldiTest.OrthogonalityCheck
Breakdown: Norm below tolerance at iteration 1
[       OK ] ArnoldiTest.OrthogonalityCheck (0 ms)
[ RUN      ] ArnoldiTest.HessenbergStructure
Breakdown: Norm below tolerance at iteration 1
[       OK ] ArnoldiTest.HessenbergStructure (0 ms)
[ RUN      ] ArnoldiTest.BreakdownTolerance
Breakdown: Norm below tolerance at iteration 1
[       OK ] ArnoldiTest.BreakdownTolerance (0 ms)
[ RUN      ] ArnoldiTest.KnownExample
Breakdown: Norm below tolerance at iteration 4
0 0 
0 1 
0 2 
0 3 
1 0 
1 1 
1 2 
1 3 
2 0 
2 1 
2 2 
2 3 
3 0 
3 1 
3 2 
3 3 
[       OK ] ArnoldiTest.KnownExample (0 ms)
[----------] 4 tests from ArnoldiTest (0 ms total)

[----------] Global test environment tear-down
[==========] 4 tests from 1 test suite ran. (0 ms total)
[  PASSED  ] 4 tests.
<end of output>
Test time =   0.12 sec
----------------------------------------------------------
Test Passed.
"KrylovSubspace_test" end time: Dec 18 14:19 +08
"KrylovSubspace_test" time elapsed: 00:00:00
----------------------------------------------------------

7/7 Testing: ConjugateGradient_test
7/7 Test: ConjugateGradient_test
Command: "/Users/yincheangng/worksapce/Github/MyAlgorithmicToolkit/build/ConjugateGradient_test"
Directory: /Users/yincheangng/worksapce/Github/MyAlgorithmicToolkit/build
"ConjugateGradient_test" start time: Dec 18 14:19 +08
Output:
----------------------------------------------------------
[==========] Running 4 tests from 1 test suite.
[----------] Global test environment set-up.
[----------] 4 tests from ConjugateGradientTest/0, where TypeParam = double
[ RUN      ] ConjugateGradientTest/0.SolvesSystemCorrectly
Conjugate Gradient converged in 3 iterations.
[       OK ] ConjugateGradientTest/0.SolvesSystemCorrectly (0 ms)
[ RUN      ] ConjugateGradientTest/0.ResidualBelowTolerance
Conjugate Gradient converged in 3 iterations.
[       OK ] ConjugateGradientTest/0.ResidualBelowTolerance (0 ms)
[ RUN      ] ConjugateGradientTest/0.DoesNotConvergeWithinMaxIterations
Warning: Conjugate Gradient did not converge within the maximum number of iterations.
[       OK ] ConjugateGradientTest/0.DoesNotConvergeWithinMaxIterations (0 ms)
[ RUN      ] ConjugateGradientTest/0.SolvesZeroRHS
Warning: Division by near-zero in alpha calculation.
[       OK ] ConjugateGradientTest/0.SolvesZeroRHS (0 ms)
[----------] 4 tests from ConjugateGradientTest/0 (0 ms total)

[----------] Global test environment tear-down
[==========] 4 tests from 1 test suite ran. (0 ms total)
[  PASSED  ] 4 tests.
<end of output>
Test time =   0.12 sec
----------------------------------------------------------
Test Passed.
"ConjugateGradient_test" end time: Dec 18 14:19 +08
"ConjugateGradient_test" time elapsed: 00:00:00
----------------------------------------------------------

End testing: Dec 18 14:19 +08
